[35m[Appium][39m Welcome to Appium v1.22.3
[35m[Appium][39m Non-default server args:
[35m[Appium][39m   port: 65130
[35m[Appium][39m   loglevel: info
[35m[Appium][39m   tmpDir: C:\Users\Najwa\AppData\Local\Temp\\Katalon\Appium\Temp1693212010680
[35m[Appium][39m   chromedriverPort: 65131
[35m[Appium][39m Deprecated server args:
[35m[Appium][39m   [31m--chromedriver-port[39m => --default-capabilities
[35m[Appium][39m Default capabilities, which will be added to each request unless overridden by desired capabilities:
[35m[Appium][39m   chromedriverPort: 65131
[35m[Appium][39m Appium REST http interface listener started on 0.0.0.0:65130
[35m[HTTP][39m [37m-->[39m [37mGET[39m [37m/wd/hub/status[39m
[35m[HTTP][39m [90m{}[39m
[35m[HTTP][39m [37m<-- GET /wd/hub/status [39m[32m200[39m [90m6 ms - 68[39m
[35m[HTTP][39m [90m[39m
[35m[HTTP][39m [37m-->[39m [37mGET[39m [37m/wd/hub/status[39m
[35m[HTTP][39m [90m{}[39m
[35m[HTTP][39m [37m<-- GET /wd/hub/status [39m[32m200[39m [90m1 ms - 68[39m
[35m[HTTP][39m [90m[39m
[35m[HTTP][39m [37m-->[39m [37mPOST[39m [37m/wd/hub/session[39m
[35m[HTTP][39m [90m{"desiredCapabilities":{"appActivity":".Settings","appPackage":"com.android.settings","newCommandTimeout":1800,"platformVersion":"11","automationName":"uiautomator2","autoGrantPermissions":true,"platformName":"Android","udid":"emulator-5554","deviceName":"emulator-5554 (sdk_gphone_x86 - Android 11)","platform":"ANDROID","systemPort":8208},"capabilities":{"firstMatch":[{"appium:appActivity":".Settings","appium:appPackage":"com.android.settings","appium:autoGrantPermissions":true,"appium:automationName":"uiautomator2","appium:deviceName":"emulator-5554 (sdk_gphone_x86 - Android 11)","appium:newCommandTimeout":1800,"platform":"ANDROID","platformName":"android","appium:platformVersion":"11","appium:systemPort":8208,"appium:udid":"emulator-5554"}]}}[39m
[35m[BaseDriver][39m The following capabilities are not standard capabilities and should have an extension prefix:
[35m[BaseDriver][39m   platform
[35m[BaseDriver][39m   chromedriverPort
[35m[Appium][39m Appium v1.22.3 creating new AndroidUiautomator2Driver (v1.70.1) session
[35m[BaseDriver][39m The following capabilities were provided, but are not recognized by Appium:
[35m[BaseDriver][39m   platform
[35m[BaseDriver][39m Session created with session id: 1d97c3d3-1d11-486e-bcfe-2e247fe45ae4
[35m[UiAutomator2][39m Starting 'com.android.settings' directly on the device
[35m[ADB][39m Found 1 'build-tools' folders under 'C:\Users\Najwa\.katalon\tools\android_sdk' (newest first):
[35m[ADB][39m     C:/Users/Najwa/.katalon/tools/android_sdk/build-tools/29.0.3
[35m[ADB][39m Using 'adb.exe' from 'C:\Users\Najwa\.katalon\tools\android_sdk\platform-tools\adb.exe'
[35m[AndroidDriver][39m Retrieving device list
[35m[AndroidDriver][39m Using device: emulator-5554
[35m[ADB][39m Using 'adb.exe' from 'C:\Users\Najwa\.katalon\tools\android_sdk\platform-tools\adb.exe'
[35m[ADB][39m Getting device platform version
[35m[UiAutomator2][39m Relaxing hidden api policy
[35m[AndroidDriver][39m No app sent in, not parsing package/activity
[35m[ADB][39m Using 'apksigner.jar' from 'C:\Users\Najwa\.katalon\tools\android_sdk\build-tools\29.0.3\lib\apksigner.jar'
[35m[ADB][39m 'C:\Users\Najwa\AppData\Roaming\npm\node_modules\appium\node_modules\appium-uiautomator2-server\apks\appium-uiautomator2-server-v4.27.0.apk' is signed with the default certificate
[35m[ADB][39m 'C:\Users\Najwa\AppData\Roaming\npm\node_modules\appium\node_modules\appium-uiautomator2-server\apks\appium-uiautomator2-server-debug-androidTest.apk' is signed with the default certificate
[35m[UiAutomator2][39m Server packages are not going to be (re)installed
[35m[ADB][39m Adding packages ["io.appium.settings","io.appium.uiautomator2.server","io.appium.uiautomator2.server.test"] to Doze whitelist
[35m[UiAutomator2][39m Starting UIAutomator2 server 4.27.0
[35m[UiAutomator2][39m Using UIAutomator2 server from 'C:\Users\Najwa\AppData\Roaming\npm\node_modules\appium\node_modules\appium-uiautomator2-server\apks\appium-uiautomator2-server-v4.27.0.apk' and test from 'C:\Users\Najwa\AppData\Roaming\npm\node_modules\appium\node_modules\appium-uiautomator2-server\apks\appium-uiautomator2-server-debug-androidTest.apk'
[35m[UiAutomator2][39m Waiting up to 30000ms for UiAutomator2 to be online...
[35m[WD Proxy][39m socket hang up
[35m[WD Proxy][39m socket hang up
[35m[WD Proxy][39m socket hang up
[35m[WD Proxy][39m socket hang up
[35m[WD Proxy][39m socket hang up
[35m[WD Proxy][39m socket hang up
[35m[WD Proxy][39m socket hang up
[35m[WD Proxy][39m socket hang up
[35m[WD Proxy][39m socket hang up
[35m[WD Proxy][39m socket hang up
[35m[WD Proxy][39m socket hang up
[35m[WD Proxy][39m Determined the downstream protocol as 'W3C'
[35m[AndroidDriver][39m Screen already unlocked, doing nothing
[35m[UiAutomator2][39m Starting 'com.android.settings/.Settings and waiting for 'com.android.settings/.Settings'
[35m[Appium][39m New AndroidUiautomator2Driver session created successfully, session 1d97c3d3-1d11-486e-bcfe-2e247fe45ae4 added to master session list
[35m[HTTP][39m [37m<-- POST /wd/hub/session [39m[32m200[39m [90m21881 ms - 1184[39m
[35m[HTTP][39m [90m[39m
[35m[HTTP][39m [37m-->[39m [37mGET[39m [37m/wd/hub/session/1d97c3d3-1d11-486e-bcfe-2e247fe45ae4[39m
[35m[HTTP][39m [90m{}[39m
[35m[HTTP][39m [37m<-- GET /wd/hub/session/1d97c3d3-1d11-486e-bcfe-2e247fe45ae4 [39m[32m200[39m [90m14 ms - 1138[39m
[35m[HTTP][39m [90m[39m
[35m[HTTP][39m [37m-->[39m [37mGET[39m [37m/wd/hub/session/1d97c3d3-1d11-486e-bcfe-2e247fe45ae4[39m
[35m[HTTP][39m [90m{}[39m
[35m[HTTP][39m [37m<-- GET /wd/hub/session/1d97c3d3-1d11-486e-bcfe-2e247fe45ae4 [39m[32m200[39m [90m17 ms - 1138[39m
[35m[HTTP][39m [90m[39m
[35m[HTTP][39m [37m-->[39m [37mGET[39m [37m/wd/hub/status[39m
[35m[HTTP][39m [90m{}[39m
[35m[HTTP][39m [37m<-- GET /wd/hub/status [39m[32m200[39m [90m3 ms - 68[39m
[35m[HTTP][39m [90m[39m
[35m[HTTP][39m [37m-->[39m [37mPOST[39m [37m/wd/hub/session/1d97c3d3-1d11-486e-bcfe-2e247fe45ae4/timeouts[39m
[35m[HTTP][39m [90m{"implicit":60000}[39m
[35m[HTTP][39m [37m<-- POST /wd/hub/session/1d97c3d3-1d11-486e-bcfe-2e247fe45ae4/timeouts [39m[32m200[39m [90m4 ms - 14[39m
[35m[HTTP][39m [90m[39m
[35m[HTTP][39m [37m-->[39m [37mGET[39m [37m/wd/hub/session/1d97c3d3-1d11-486e-bcfe-2e247fe45ae4/screenshot[39m
[35m[HTTP][39m [90m{}[39m
[35m[HTTP][39m [37m<-- GET /wd/hub/session/1d97c3d3-1d11-486e-bcfe-2e247fe45ae4/screenshot [39m[32m200[39m [90m1683 ms - 37752[39m
[35m[HTTP][39m [90m[39m
[35m[HTTP][39m [37m-->[39m [37mGET[39m [37m/wd/hub/session/1d97c3d3-1d11-486e-bcfe-2e247fe45ae4/window/rect[39m
[35m[HTTP][39m [90m{}[39m
[35m[HTTP][39m [37m<-- GET /wd/hub/session/1d97c3d3-1d11-486e-bcfe-2e247fe45ae4/window/rect [39m[32m200[39m [90m22 ms - 50[39m
[35m[HTTP][39m [90m[39m
[35m[HTTP][39m [37m-->[39m [37mGET[39m [37m/wd/hub/session/1d97c3d3-1d11-486e-bcfe-2e247fe45ae4/appium/device/system_bars[39m
[35m[HTTP][39m [90m{}[39m
[35m[HTTP][39m [37m<-- GET /wd/hub/session/1d97c3d3-1d11-486e-bcfe-2e247fe45ae4/appium/device/system_bars [39m[32m200[39m [90m100 ms - 148[39m
[35m[HTTP][39m [90m[39m
[35m[HTTP][39m [37m-->[39m [37mPOST[39m [37m/wd/hub/session/1d97c3d3-1d11-486e-bcfe-2e247fe45ae4/appium/device/activate_app[39m
[35m[HTTP][39m [90m{"bundleId":"com.solodroid.solomerce"}[39m
[35m[HTTP][39m [37m<-- POST /wd/hub/session/1d97c3d3-1d11-486e-bcfe-2e247fe45ae4/appium/device/activate_app [39m[32m200[39m [90m669 ms - 14[39m
[35m[HTTP][39m [90m[39m
[35m[HTTP][39m [37m-->[39m [37mGET[39m [37m/wd/hub/session/1d97c3d3-1d11-486e-bcfe-2e247fe45ae4/source[39m
[35m[HTTP][39m [90m{}[39m
[35m[W3C (1d97c3d3)][39m Driver proxy active, passing request on via HTTP proxy
[35m[WD Proxy][39m Replacing sessionId 185cd3e9-dd93-439f-be8f-34d0fbe7bd83 with 1d97c3d3-1d11-486e-bcfe-2e247fe45ae4
[35m[HTTP][39m [37m<-- GET /wd/hub/session/1d97c3d3-1d11-486e-bcfe-2e247fe45ae4/source [39m[32m200[39m [90m1079 ms - 33710[39m
[35m[HTTP][39m [90m[39m
[35m[HTTP][39m [37m-->[39m [37mGET[39m [37m/wd/hub/session/1d97c3d3-1d11-486e-bcfe-2e247fe45ae4/screenshot[39m
[35m[HTTP][39m [90m{}[39m
[35m[HTTP][39m [37m<-- GET /wd/hub/session/1d97c3d3-1d11-486e-bcfe-2e247fe45ae4/screenshot [39m[32m200[39m [90m528 ms - 312814[39m
[35m[HTTP][39m [90m[39m
[35m[HTTP][39m [37m-->[39m [37mGET[39m [37m/wd/hub/session/1d97c3d3-1d11-486e-bcfe-2e247fe45ae4/source[39m
[35m[HTTP][39m [90m{}[39m
[35m[W3C (1d97c3d3)][39m Driver proxy active, passing request on via HTTP proxy
[35m[WD Proxy][39m Replacing sessionId 185cd3e9-dd93-439f-be8f-34d0fbe7bd83 with 1d97c3d3-1d11-486e-bcfe-2e247fe45ae4
[35m[HTTP][39m [37m<-- GET /wd/hub/session/1d97c3d3-1d11-486e-bcfe-2e247fe45ae4/source [39m[32m200[39m [90m146 ms - 27550[39m
[35m[HTTP][39m [90m[39m
[35m[HTTP][39m [37m-->[39m [37mGET[39m [37m/wd/hub/session/1d97c3d3-1d11-486e-bcfe-2e247fe45ae4/screenshot[39m
[35m[HTTP][39m [90m{}[39m
[35m[HTTP][39m [37m<-- GET /wd/hub/session/1d97c3d3-1d11-486e-bcfe-2e247fe45ae4/screenshot [39m[32m200[39m [90m496 ms - 145794[39m
[35m[HTTP][39m [90m[39m
[35m[HTTP][39m [37m-->[39m [37mPOST[39m [37m/wd/hub/session/1d97c3d3-1d11-486e-bcfe-2e247fe45ae4/elements[39m
[35m[HTTP][39m [90m{"using":"xpath","value":"//*[@class = 'android.widget.ImageView' and @resource-id = 'com.solodroid.solomerce:id/icon' and (@text = '' or . = '')]"}[39m
[35m[HTTP][39m [37m<-- POST /wd/hub/session/1d97c3d3-1d11-486e-bcfe-2e247fe45ae4/elements [39m[32m200[39m [90m506 ms - 523[39m
[35m[HTTP][39m [90m[39m
[35m[HTTP][39m [37m-->[39m [37mPOST[39m [37m/wd/hub/session/1d97c3d3-1d11-486e-bcfe-2e247fe45ae4/elements[39m
[35m[HTTP][39m [90m{"using":"id","value":"com.solodroid.solomerce:id/icon"}[39m
[35m[HTTP][39m [37m<-- POST /wd/hub/session/1d97c3d3-1d11-486e-bcfe-2e247fe45ae4/elements [39m[32m200[39m [90m35 ms - 523[39m
[35m[HTTP][39m [90m[39m
[35m[HTTP][39m [37m-->[39m [37mPOST[39m [37m/wd/hub/session/1d97c3d3-1d11-486e-bcfe-2e247fe45ae4/elements[39m
[35m[HTTP][39m [90m{"using":"-android uiautomator","value":"new UiSelector().className(\"android.widget.ImageView\").resourceId(\"com.solodroid.solomerce:id/icon\")"}[39m
[35m[HTTP][39m [37m<-- POST /wd/hub/session/1d97c3d3-1d11-486e-bcfe-2e247fe45ae4/elements [39m[32m200[39m [90m65 ms - 523[39m
[35m[HTTP][39m [90m[39m
[35m[HTTP][39m [37m-->[39m [37mPOST[39m [37m/wd/hub/session/1d97c3d3-1d11-486e-bcfe-2e247fe45ae4/timeouts[39m
[35m[HTTP][39m [90m{"implicit":1000}[39m
[35m[HTTP][39m [37m<-- POST /wd/hub/session/1d97c3d3-1d11-486e-bcfe-2e247fe45ae4/timeouts [39m[32m200[39m [90m3 ms - 14[39m
[35m[HTTP][39m [90m[39m
[35m[HTTP][39m [37m-->[39m [37mPOST[39m [37m/wd/hub/session/1d97c3d3-1d11-486e-bcfe-2e247fe45ae4/elements[39m
[35m[HTTP][39m [90m{"using":"xpath","value":"//hierarchy/android.widget.FrameLayout[1]/android.widget.LinearLayout[1]/android.widget.FrameLayout[1]/android.widget.LinearLayout[1]/android.widget.FrameLayout[1]/android.widget.RelativeLayout[1]/android.widget.FrameLayout[1]/android.view.ViewGroup[1]/android.widget.FrameLayout[4]/android.widget.ImageView[1]"}[39m
[35m[HTTP][39m [37m<-- POST /wd/hub/session/1d97c3d3-1d11-486e-bcfe-2e247fe45ae4/elements [39m[32m200[39m [90m93 ms - 139[39m
[35m[HTTP][39m [90m[39m
[35m[HTTP][39m [37m-->[39m [37mGET[39m [37m/wd/hub/session/1d97c3d3-1d11-486e-bcfe-2e247fe45ae4/element/00000000-0000-0023-ffff-ffff0000002b/location[39m
[35m[HTTP][39m [90m{}[39m
[35m[W3C (1d97c3d3)][39m Driver proxy active, passing request on via HTTP proxy
[35m[WD Proxy][39m Replacing sessionId 185cd3e9-dd93-439f-be8f-34d0fbe7bd83 with 1d97c3d3-1d11-486e-bcfe-2e247fe45ae4
[35m[HTTP][39m [37m<-- GET /wd/hub/session/1d97c3d3-1d11-486e-bcfe-2e247fe45ae4/element/00000000-0000-0023-ffff-ffff0000002b/location [39m[32m200[39m [90m15 ms - 79[39m
[35m[HTTP][39m [90m[39m
[35m[HTTP][39m [37m-->[39m [37mGET[39m [37m/wd/hub/session/1d97c3d3-1d11-486e-bcfe-2e247fe45ae4/element/00000000-0000-0023-ffff-ffff0000002b/size[39m
[35m[HTTP][39m [90m{}[39m
[35m[W3C (1d97c3d3)][39m Driver proxy active, passing request on via HTTP proxy
[35m[WD Proxy][39m Replacing sessionId 185cd3e9-dd93-439f-be8f-34d0fbe7bd83 with 1d97c3d3-1d11-486e-bcfe-2e247fe45ae4
[35m[HTTP][39m [37m<-- GET /wd/hub/session/1d97c3d3-1d11-486e-bcfe-2e247fe45ae4/element/00000000-0000-0023-ffff-ffff0000002b/size [39m[32m200[39m [90m13 ms - 85[39m
[35m[HTTP][39m [90m[39m
[35m[HTTP][39m [37m-->[39m [37mPOST[39m [37m/wd/hub/session/1d97c3d3-1d11-486e-bcfe-2e247fe45ae4/timeouts[39m
[35m[HTTP][39m [90m{"implicit":1000}[39m
[35m[HTTP][39m [37m<-- POST /wd/hub/session/1d97c3d3-1d11-486e-bcfe-2e247fe45ae4/timeouts [39m[32m200[39m [90m1 ms - 14[39m
[35m[HTTP][39m [90m[39m
[35m[HTTP][39m [37m-->[39m [37mPOST[39m [37m/wd/hub/session/1d97c3d3-1d11-486e-bcfe-2e247fe45ae4/elements[39m
[35m[HTTP][39m [90m{"using":"class name","value":"android.widget.ImageView"}[39m
[35m[HTTP][39m [37m<-- POST /wd/hub/session/1d97c3d3-1d11-486e-bcfe-2e247fe45ae4/elements [39m[32m200[39m [90m46 ms - 1035[39m
[35m[HTTP][39m [90m[39m
[35m[HTTP][39m [37m-->[39m [37mGET[39m [37m/wd/hub/session/1d97c3d3-1d11-486e-bcfe-2e247fe45ae4/element/00000000-0000-0023-ffff-ffff00000049/location[39m
[35m[HTTP][39m [90m{}[39m
[35m[W3C (1d97c3d3)][39m Driver proxy active, passing request on via HTTP proxy
[35m[WD Proxy][39m Replacing sessionId 185cd3e9-dd93-439f-be8f-34d0fbe7bd83 with 1d97c3d3-1d11-486e-bcfe-2e247fe45ae4
[35m[HTTP][39m [37m<-- GET /wd/hub/session/1d97c3d3-1d11-486e-bcfe-2e247fe45ae4/element/00000000-0000-0023-ffff-ffff00000049/location [39m[32m200[39m [90m15 ms - 77[39m
[35m[HTTP][39m [90m[39m
[35m[HTTP][39m [37m-->[39m [37mGET[39m [37m/wd/hub/session/1d97c3d3-1d11-486e-bcfe-2e247fe45ae4/element/00000000-0000-0023-ffff-ffff00000049/size[39m
[35m[HTTP][39m [90m{}[39m
[35m[W3C (1d97c3d3)][39m Driver proxy active, passing request on via HTTP proxy
[35m[WD Proxy][39m Replacing sessionId 185cd3e9-dd93-439f-be8f-34d0fbe7bd83 with 1d97c3d3-1d11-486e-bcfe-2e247fe45ae4
[35m[HTTP][39m [37m<-- GET /wd/hub/session/1d97c3d3-1d11-486e-bcfe-2e247fe45ae4/element/00000000-0000-0023-ffff-ffff00000049/size [39m[32m200[39m [90m11 ms - 85[39m
[35m[HTTP][39m [90m[39m
[35m[HTTP][39m [37m-->[39m [37mGET[39m [37m/wd/hub/session/1d97c3d3-1d11-486e-bcfe-2e247fe45ae4/element/00000000-0000-0023-ffff-ffff0000004e/location[39m
[35m[HTTP][39m [90m{}[39m
[35m[W3C (1d97c3d3)][39m Driver proxy active, passing request on via HTTP proxy
[35m[WD Proxy][39m Replacing sessionId 185cd3e9-dd93-439f-be8f-34d0fbe7bd83 with 1d97c3d3-1d11-486e-bcfe-2e247fe45ae4
[35m[HTTP][39m [37m<-- GET /wd/hub/session/1d97c3d3-1d11-486e-bcfe-2e247fe45ae4/element/00000000-0000-0023-ffff-ffff0000004e/location [39m[32m200[39m [90m12 ms - 77[39m
[35m[HTTP][39m [90m[39m
[35m[HTTP][39m [37m-->[39m [37mGET[39m [37m/wd/hub/session/1d97c3d3-1d11-486e-bcfe-2e247fe45ae4/element/00000000-0000-0023-ffff-ffff0000004e/size[39m
[35m[HTTP][39m [90m{}[39m
[35m[W3C (1d97c3d3)][39m Driver proxy active, passing request on via HTTP proxy
[35m[WD Proxy][39m Replacing sessionId 185cd3e9-dd93-439f-be8f-34d0fbe7bd83 with 1d97c3d3-1d11-486e-bcfe-2e247fe45ae4
[35m[HTTP][39m [37m<-- GET /wd/hub/session/1d97c3d3-1d11-486e-bcfe-2e247fe45ae4/element/00000000-0000-0023-ffff-ffff0000004e/size [39m[32m200[39m [90m13 ms - 85[39m
[35m[HTTP][39m [90m[39m
[35m[HTTP][39m [37m-->[39m [37mGET[39m [37m/wd/hub/session/1d97c3d3-1d11-486e-bcfe-2e247fe45ae4/element/00000000-0000-0023-ffff-ffff00000053/location[39m
[35m[HTTP][39m [90m{}[39m
[35m[W3C (1d97c3d3)][39m Driver proxy active, passing request on via HTTP proxy
[35m[WD Proxy][39m Replacing sessionId 185cd3e9-dd93-439f-be8f-34d0fbe7bd83 with 1d97c3d3-1d11-486e-bcfe-2e247fe45ae4
[35m[HTTP][39m [37m<-- GET /wd/hub/session/1d97c3d3-1d11-486e-bcfe-2e247fe45ae4/element/00000000-0000-0023-ffff-ffff00000053/location [39m[32m200[39m [90m13 ms - 78[39m
[35m[HTTP][39m [90m[39m
[35m[HTTP][39m [37m-->[39m [37mGET[39m [37m/wd/hub/session/1d97c3d3-1d11-486e-bcfe-2e247fe45ae4/element/00000000-0000-0023-ffff-ffff00000053/size[39m
[35m[HTTP][39m [90m{}[39m
[35m[W3C (1d97c3d3)][39m Driver proxy active, passing request on via HTTP proxy
[35m[WD Proxy][39m Replacing sessionId 185cd3e9-dd93-439f-be8f-34d0fbe7bd83 with 1d97c3d3-1d11-486e-bcfe-2e247fe45ae4
[35m[HTTP][39m [37m<-- GET /wd/hub/session/1d97c3d3-1d11-486e-bcfe-2e247fe45ae4/element/00000000-0000-0023-ffff-ffff00000053/size [39m[32m200[39m [90m18 ms - 85[39m
[35m[HTTP][39m [90m[39m
[35m[HTTP][39m [37m-->[39m [37mGET[39m [37m/wd/hub/session/1d97c3d3-1d11-486e-bcfe-2e247fe45ae4/element/00000000-0000-0023-ffff-ffff00000058/location[39m
[35m[HTTP][39m [90m{}[39m
[35m[W3C (1d97c3d3)][39m Driver proxy active, passing request on via HTTP proxy
[35m[WD Proxy][39m Replacing sessionId 185cd3e9-dd93-439f-be8f-34d0fbe7bd83 with 1d97c3d3-1d11-486e-bcfe-2e247fe45ae4
[35m[HTTP][39m [37m<-- GET /wd/hub/session/1d97c3d3-1d11-486e-bcfe-2e247fe45ae4/element/00000000-0000-0023-ffff-ffff00000058/location [39m[32m200[39m [90m18 ms - 78[39m
[35m[HTTP][39m [90m[39m
[35m[HTTP][39m [37m-->[39m [37mGET[39m [37m/wd/hub/session/1d97c3d3-1d11-486e-bcfe-2e247fe45ae4/element/00000000-0000-0023-ffff-ffff00000058/size[39m
[35m[HTTP][39m [90m{}[39m
[35m[W3C (1d97c3d3)][39m Driver proxy active, passing request on via HTTP proxy
[35m[WD Proxy][39m Replacing sessionId 185cd3e9-dd93-439f-be8f-34d0fbe7bd83 with 1d97c3d3-1d11-486e-bcfe-2e247fe45ae4
[35m[HTTP][39m [37m<-- GET /wd/hub/session/1d97c3d3-1d11-486e-bcfe-2e247fe45ae4/element/00000000-0000-0023-ffff-ffff00000058/size [39m[32m200[39m [90m15 ms - 85[39m
[35m[HTTP][39m [90m[39m
[35m[HTTP][39m [37m-->[39m [37mGET[39m [37m/wd/hub/session/1d97c3d3-1d11-486e-bcfe-2e247fe45ae4/element/00000000-0000-0023-ffff-ffff0000001c/location[39m
[35m[HTTP][39m [90m{}[39m
[35m[W3C (1d97c3d3)][39m Driver proxy active, passing request on via HTTP proxy
[35m[WD Proxy][39m Replacing sessionId 185cd3e9-dd93-439f-be8f-34d0fbe7bd83 with 1d97c3d3-1d11-486e-bcfe-2e247fe45ae4
[35m[HTTP][39m [37m<-- GET /wd/hub/session/1d97c3d3-1d11-486e-bcfe-2e247fe45ae4/element/00000000-0000-0023-ffff-ffff0000001c/location [39m[32m200[39m [90m20 ms - 79[39m
[35m[HTTP][39m [90m[39m
[35m[HTTP][39m [37m-->[39m [37mGET[39m [37m/wd/hub/session/1d97c3d3-1d11-486e-bcfe-2e247fe45ae4/element/00000000-0000-0023-ffff-ffff0000001c/size[39m
[35m[HTTP][39m [90m{}[39m
[35m[W3C (1d97c3d3)][39m Driver proxy active, passing request on via HTTP proxy
[35m[WD Proxy][39m Replacing sessionId 185cd3e9-dd93-439f-be8f-34d0fbe7bd83 with 1d97c3d3-1d11-486e-bcfe-2e247fe45ae4
[35m[HTTP][39m [37m<-- GET /wd/hub/session/1d97c3d3-1d11-486e-bcfe-2e247fe45ae4/element/00000000-0000-0023-ffff-ffff0000001c/size [39m[32m200[39m [90m24 ms - 85[39m
[35m[HTTP][39m [90m[39m
[35m[HTTP][39m [37m-->[39m [37mGET[39m [37m/wd/hub/session/1d97c3d3-1d11-486e-bcfe-2e247fe45ae4/element/00000000-0000-0023-ffff-ffff00000021/location[39m
[35m[HTTP][39m [90m{}[39m
[35m[W3C (1d97c3d3)][39m Driver proxy active, passing request on via HTTP proxy
[35m[WD Proxy][39m Replacing sessionId 185cd3e9-dd93-439f-be8f-34d0fbe7bd83 with 1d97c3d3-1d11-486e-bcfe-2e247fe45ae4
[35m[HTTP][39m [37m<-- GET /wd/hub/session/1d97c3d3-1d11-486e-bcfe-2e247fe45ae4/element/00000000-0000-0023-ffff-ffff00000021/location [39m[32m200[39m [90m26 ms - 79[39m
[35m[HTTP][39m [90m[39m
[35m[HTTP][39m [37m-->[39m [37mGET[39m [37m/wd/hub/session/1d97c3d3-1d11-486e-bcfe-2e247fe45ae4/element/00000000-0000-0023-ffff-ffff00000021/size[39m
[35m[HTTP][39m [90m{}[39m
[35m[W3C (1d97c3d3)][39m Driver proxy active, passing request on via HTTP proxy
[35m[WD Proxy][39m Replacing sessionId 185cd3e9-dd93-439f-be8f-34d0fbe7bd83 with 1d97c3d3-1d11-486e-bcfe-2e247fe45ae4
[35m[HTTP][39m [37m<-- GET /wd/hub/session/1d97c3d3-1d11-486e-bcfe-2e247fe45ae4/element/00000000-0000-0023-ffff-ffff00000021/size [39m[32m200[39m [90m20 ms - 85[39m
[35m[HTTP][39m [90m[39m
[35m[HTTP][39m [37m-->[39m [37mGET[39m [37m/wd/hub/session/1d97c3d3-1d11-486e-bcfe-2e247fe45ae4/element/00000000-0000-0023-ffff-ffff00000026/location[39m
[35m[HTTP][39m [90m{}[39m
[35m[W3C (1d97c3d3)][39m Driver proxy active, passing request on via HTTP proxy
[35m[WD Proxy][39m Replacing sessionId 185cd3e9-dd93-439f-be8f-34d0fbe7bd83 with 1d97c3d3-1d11-486e-bcfe-2e247fe45ae4
[35m[HTTP][39m [37m<-- GET /wd/hub/session/1d97c3d3-1d11-486e-bcfe-2e247fe45ae4/element/00000000-0000-0023-ffff-ffff00000026/location [39m[32m200[39m [90m22 ms - 79[39m
[35m[HTTP][39m [90m[39m
[35m[HTTP][39m [37m-->[39m [37mGET[39m [37m/wd/hub/session/1d97c3d3-1d11-486e-bcfe-2e247fe45ae4/element/00000000-0000-0023-ffff-ffff00000026/size[39m
[35m[HTTP][39m [90m{}[39m
[35m[W3C (1d97c3d3)][39m Driver proxy active, passing request on via HTTP proxy
[35m[WD Proxy][39m Replacing sessionId 185cd3e9-dd93-439f-be8f-34d0fbe7bd83 with 1d97c3d3-1d11-486e-bcfe-2e247fe45ae4
[35m[HTTP][39m [37m<-- GET /wd/hub/session/1d97c3d3-1d11-486e-bcfe-2e247fe45ae4/element/00000000-0000-0023-ffff-ffff00000026/size [39m[32m200[39m [90m22 ms - 85[39m
[35m[HTTP][39m [90m[39m
[35m[HTTP][39m [37m-->[39m [37mGET[39m [37m/wd/hub/session/1d97c3d3-1d11-486e-bcfe-2e247fe45ae4/element/00000000-0000-0023-ffff-ffff0000002b/location[39m
[35m[HTTP][39m [90m{}[39m
[35m[W3C (1d97c3d3)][39m Driver proxy active, passing request on via HTTP proxy
[35m[WD Proxy][39m Replacing sessionId 185cd3e9-dd93-439f-be8f-34d0fbe7bd83 with 1d97c3d3-1d11-486e-bcfe-2e247fe45ae4
[35m[HTTP][39m [37m<-- GET /wd/hub/session/1d97c3d3-1d11-486e-bcfe-2e247fe45ae4/element/00000000-0000-0023-ffff-ffff0000002b/location [39m[32m200[39m [90m23 ms - 79[39m
[35m[HTTP][39m [90m[39m
[35m[HTTP][39m [37m-->[39m [37mGET[39m [37m/wd/hub/session/1d97c3d3-1d11-486e-bcfe-2e247fe45ae4/element/00000000-0000-0023-ffff-ffff0000002b/size[39m
[35m[HTTP][39m [90m{}[39m
[35m[W3C (1d97c3d3)][39m Driver proxy active, passing request on via HTTP proxy
[35m[WD Proxy][39m Replacing sessionId 185cd3e9-dd93-439f-be8f-34d0fbe7bd83 with 1d97c3d3-1d11-486e-bcfe-2e247fe45ae4
[35m[HTTP][39m [37m<-- GET /wd/hub/session/1d97c3d3-1d11-486e-bcfe-2e247fe45ae4/element/00000000-0000-0023-ffff-ffff0000002b/size [39m[32m200[39m [90m24 ms - 85[39m
[35m[HTTP][39m [90m[39m
[35m[HTTP][39m [37m-->[39m [37mPOST[39m [37m/wd/hub/session/1d97c3d3-1d11-486e-bcfe-2e247fe45ae4/timeouts[39m
[35m[HTTP][39m [90m{"implicit":1000}[39m
[35m[HTTP][39m [37m<-- POST /wd/hub/session/1d97c3d3-1d11-486e-bcfe-2e247fe45ae4/timeouts [39m[32m200[39m [90m1 ms - 14[39m
[35m[HTTP][39m [90m[39m
[35m[HTTP][39m [37m-->[39m [37mPOST[39m [37m/wd/hub/session/1d97c3d3-1d11-486e-bcfe-2e247fe45ae4/elements[39m
[35m[HTTP][39m [90m{"using":"id","value":"com.solodroid.solomerce:id/icon"}[39m
[35m[HTTP][39m [37m<-- POST /wd/hub/session/1d97c3d3-1d11-486e-bcfe-2e247fe45ae4/elements [39m[32m200[39m [90m45 ms - 523[39m
[35m[HTTP][39m [90m[39m
[35m[HTTP][39m [37m-->[39m [37mGET[39m [37m/wd/hub/session/1d97c3d3-1d11-486e-bcfe-2e247fe45ae4/element/00000000-0000-0023-ffff-ffff0000001c/location[39m
[35m[HTTP][39m [90m{}[39m
[35m[W3C (1d97c3d3)][39m Driver proxy active, passing request on via HTTP proxy
[35m[WD Proxy][39m Replacing sessionId 185cd3e9-dd93-439f-be8f-34d0fbe7bd83 with 1d97c3d3-1d11-486e-bcfe-2e247fe45ae4
[35m[HTTP][39m [37m<-- GET /wd/hub/session/1d97c3d3-1d11-486e-bcfe-2e247fe45ae4/element/00000000-0000-0023-ffff-ffff0000001c/location [39m[32m200[39m [90m13 ms - 79[39m
[35m[HTTP][39m [90m[39m
[35m[HTTP][39m [37m-->[39m [37mGET[39m [37m/wd/hub/session/1d97c3d3-1d11-486e-bcfe-2e247fe45ae4/element/00000000-0000-0023-ffff-ffff0000001c/size[39m
[35m[HTTP][39m [90m{}[39m
[35m[W3C (1d97c3d3)][39m Driver proxy active, passing request on via HTTP proxy
[35m[WD Proxy][39m Replacing sessionId 185cd3e9-dd93-439f-be8f-34d0fbe7bd83 with 1d97c3d3-1d11-486e-bcfe-2e247fe45ae4
[35m[HTTP][39m [37m<-- GET /wd/hub/session/1d97c3d3-1d11-486e-bcfe-2e247fe45ae4/element/00000000-0000-0023-ffff-ffff0000001c/size [39m[32m200[39m [90m11 ms - 85[39m
[35m[HTTP][39m [90m[39m
[35m[HTTP][39m [37m-->[39m [37mGET[39m [37m/wd/hub/session/1d97c3d3-1d11-486e-bcfe-2e247fe45ae4/element/00000000-0000-0023-ffff-ffff00000021/location[39m
[35m[HTTP][39m [90m{}[39m
[35m[W3C (1d97c3d3)][39m Driver proxy active, passing request on via HTTP proxy
[35m[WD Proxy][39m Replacing sessionId 185cd3e9-dd93-439f-be8f-34d0fbe7bd83 with 1d97c3d3-1d11-486e-bcfe-2e247fe45ae4
[35m[HTTP][39m [37m<-- GET /wd/hub/session/1d97c3d3-1d11-486e-bcfe-2e247fe45ae4/element/00000000-0000-0023-ffff-ffff00000021/location [39m[32m200[39m [90m11 ms - 79[39m
[35m[HTTP][39m [90m[39m
[35m[HTTP][39m [37m-->[39m [37mGET[39m [37m/wd/hub/session/1d97c3d3-1d11-486e-bcfe-2e247fe45ae4/element/00000000-0000-0023-ffff-ffff00000021/size[39m
[35m[HTTP][39m [90m{}[39m
[35m[W3C (1d97c3d3)][39m Driver proxy active, passing request on via HTTP proxy
[35m[WD Proxy][39m Replacing sessionId 185cd3e9-dd93-439f-be8f-34d0fbe7bd83 with 1d97c3d3-1d11-486e-bcfe-2e247fe45ae4
[35m[HTTP][39m [37m<-- GET /wd/hub/session/1d97c3d3-1d11-486e-bcfe-2e247fe45ae4/element/00000000-0000-0023-ffff-ffff00000021/size [39m[32m200[39m [90m12 ms - 85[39m
[35m[HTTP][39m [90m[39m
[35m[HTTP][39m [37m-->[39m [37mGET[39m [37m/wd/hub/session/1d97c3d3-1d11-486e-bcfe-2e247fe45ae4/element/00000000-0000-0023-ffff-ffff00000026/location[39m
[35m[HTTP][39m [90m{}[39m
[35m[W3C (1d97c3d3)][39m Driver proxy active, passing request on via HTTP proxy
[35m[WD Proxy][39m Replacing sessionId 185cd3e9-dd93-439f-be8f-34d0fbe7bd83 with 1d97c3d3-1d11-486e-bcfe-2e247fe45ae4
[35m[HTTP][39m [37m<-- GET /wd/hub/session/1d97c3d3-1d11-486e-bcfe-2e247fe45ae4/element/00000000-0000-0023-ffff-ffff00000026/location [39m[32m200[39m [90m11 ms - 79[39m
[35m[HTTP][39m [90m[39m
[35m[HTTP][39m [37m-->[39m [37mGET[39m [37m/wd/hub/session/1d97c3d3-1d11-486e-bcfe-2e247fe45ae4/element/00000000-0000-0023-ffff-ffff00000026/size[39m
[35m[HTTP][39m [90m{}[39m
[35m[W3C (1d97c3d3)][39m Driver proxy active, passing request on via HTTP proxy
[35m[WD Proxy][39m Replacing sessionId 185cd3e9-dd93-439f-be8f-34d0fbe7bd83 with 1d97c3d3-1d11-486e-bcfe-2e247fe45ae4
[35m[HTTP][39m [37m<-- GET /wd/hub/session/1d97c3d3-1d11-486e-bcfe-2e247fe45ae4/element/00000000-0000-0023-ffff-ffff00000026/size [39m[32m200[39m [90m11 ms - 85[39m
[35m[HTTP][39m [90m[39m
[35m[HTTP][39m [37m-->[39m [37mGET[39m [37m/wd/hub/session/1d97c3d3-1d11-486e-bcfe-2e247fe45ae4/element/00000000-0000-0023-ffff-ffff0000002b/location[39m
[35m[HTTP][39m [90m{}[39m
[35m[W3C (1d97c3d3)][39m Driver proxy active, passing request on via HTTP proxy
[35m[WD Proxy][39m Replacing sessionId 185cd3e9-dd93-439f-be8f-34d0fbe7bd83 with 1d97c3d3-1d11-486e-bcfe-2e247fe45ae4
[35m[HTTP][39m [37m<-- GET /wd/hub/session/1d97c3d3-1d11-486e-bcfe-2e247fe45ae4/element/00000000-0000-0023-ffff-ffff0000002b/location [39m[32m200[39m [90m12 ms - 79[39m
[35m[HTTP][39m [90m[39m
[35m[HTTP][39m [37m-->[39m [37mGET[39m [37m/wd/hub/session/1d97c3d3-1d11-486e-bcfe-2e247fe45ae4/element/00000000-0000-0023-ffff-ffff0000002b/size[39m
[35m[HTTP][39m [90m{}[39m
[35m[W3C (1d97c3d3)][39m Driver proxy active, passing request on via HTTP proxy
[35m[WD Proxy][39m Replacing sessionId 185cd3e9-dd93-439f-be8f-34d0fbe7bd83 with 1d97c3d3-1d11-486e-bcfe-2e247fe45ae4
[35m[HTTP][39m [37m<-- GET /wd/hub/session/1d97c3d3-1d11-486e-bcfe-2e247fe45ae4/element/00000000-0000-0023-ffff-ffff0000002b/size [39m[32m200[39m [90m12 ms - 85[39m
[35m[HTTP][39m [90m[39m
[35m[HTTP][39m [37m-->[39m [37mPOST[39m [37m/wd/hub/session/1d97c3d3-1d11-486e-bcfe-2e247fe45ae4/timeouts[39m
[35m[HTTP][39m [90m{"implicit":1000}[39m
[35m[HTTP][39m [37m<-- POST /wd/hub/session/1d97c3d3-1d11-486e-bcfe-2e247fe45ae4/timeouts [39m[32m200[39m [90m1 ms - 14[39m
[35m[HTTP][39m [90m[39m
[35m[HTTP][39m [37m-->[39m [37mPOST[39m [37m/wd/hub/session/1d97c3d3-1d11-486e-bcfe-2e247fe45ae4/timeouts[39m
[35m[HTTP][39m [90m{"implicit":1000}[39m
[35m[HTTP][39m [37m<-- POST /wd/hub/session/1d97c3d3-1d11-486e-bcfe-2e247fe45ae4/timeouts [39m[32m200[39m [90m2 ms - 14[39m
[35m[HTTP][39m [90m[39m
[35m[HTTP][39m [37m-->[39m [37mPOST[39m [37m/wd/hub/session/1d97c3d3-1d11-486e-bcfe-2e247fe45ae4/elements[39m
[35m[HTTP][39m [90m{"using":"-android uiautomator","value":"new UiSelector().className(\"android.widget.ImageView\").resourceId(\"com.solodroid.solomerce:id/icon\").packageName(\"com.solodroid.solomerce\").enabled(true).clickable(false).longClickable(false).checkable(false).checked(false).focusable(false).focused(false).scrollable(false).selected(true).index(1)"}[39m
[35m[HTTP][39m [37m<-- POST /wd/hub/session/1d97c3d3-1d11-486e-bcfe-2e247fe45ae4/elements [39m[32m200[39m [90m86 ms - 139[39m
[35m[HTTP][39m [90m[39m
[35m[HTTP][39m [37m-->[39m [37mGET[39m [37m/wd/hub/session/1d97c3d3-1d11-486e-bcfe-2e247fe45ae4/element/00000000-0000-0023-ffff-ffff0000002b/location[39m
[35m[HTTP][39m [90m{}[39m
[35m[W3C (1d97c3d3)][39m Driver proxy active, passing request on via HTTP proxy
[35m[WD Proxy][39m Replacing sessionId 185cd3e9-dd93-439f-be8f-34d0fbe7bd83 with 1d97c3d3-1d11-486e-bcfe-2e247fe45ae4
[35m[HTTP][39m [37m<-- GET /wd/hub/session/1d97c3d3-1d11-486e-bcfe-2e247fe45ae4/element/00000000-0000-0023-ffff-ffff0000002b/location [39m[32m200[39m [90m18 ms - 79[39m
[35m[HTTP][39m [90m[39m
[35m[HTTP][39m [37m-->[39m [37mGET[39m [37m/wd/hub/session/1d97c3d3-1d11-486e-bcfe-2e247fe45ae4/element/00000000-0000-0023-ffff-ffff0000002b/size[39m
[35m[HTTP][39m [90m{}[39m
[35m[W3C (1d97c3d3)][39m Driver proxy active, passing request on via HTTP proxy
[35m[WD Proxy][39m Replacing sessionId 185cd3e9-dd93-439f-be8f-34d0fbe7bd83 with 1d97c3d3-1d11-486e-bcfe-2e247fe45ae4
[35m[HTTP][39m [37m<-- GET /wd/hub/session/1d97c3d3-1d11-486e-bcfe-2e247fe45ae4/element/00000000-0000-0023-ffff-ffff0000002b/size [39m[32m200[39m [90m18 ms - 85[39m
[35m[HTTP][39m [90m[39m
[35m[HTTP][39m [37m-->[39m [37mPOST[39m [37m/wd/hub/session/1d97c3d3-1d11-486e-bcfe-2e247fe45ae4/timeouts[39m
[35m[HTTP][39m [90m{"implicit":1000}[39m
[35m[HTTP][39m [37m<-- POST /wd/hub/session/1d97c3d3-1d11-486e-bcfe-2e247fe45ae4/timeouts [39m[32m200[39m [90m2 ms - 14[39m
[35m[HTTP][39m [90m[39m
[35m[HTTP][39m [37m-->[39m [37mPOST[39m [37m/wd/hub/session/1d97c3d3-1d11-486e-bcfe-2e247fe45ae4/elements[39m
[35m[HTTP][39m [90m{"using":"xpath","value":"//hierarchy/android.widget.FrameLayout[1]/android.widget.LinearLayout[1]/android.widget.FrameLayout[1]/android.widget.LinearLayout[1]/android.widget.FrameLayout[1]/android.widget.RelativeLayout[1]/android.widget.FrameLayout[1]/android.view.ViewGroup[1]/android.widget.FrameLayout[4]/android.widget.ImageView[1]"}[39m
[35m[HTTP][39m [37m<-- POST /wd/hub/session/1d97c3d3-1d11-486e-bcfe-2e247fe45ae4/elements [39m[32m200[39m [90m88 ms - 139[39m
[35m[HTTP][39m [90m[39m
[35m[HTTP][39m [37m-->[39m [37mGET[39m [37m/wd/hub/session/1d97c3d3-1d11-486e-bcfe-2e247fe45ae4/element/00000000-0000-0023-ffff-ffff0000002b/location[39m
[35m[HTTP][39m [90m{}[39m
[35m[W3C (1d97c3d3)][39m Driver proxy active, passing request on via HTTP proxy
[35m[WD Proxy][39m Replacing sessionId 185cd3e9-dd93-439f-be8f-34d0fbe7bd83 with 1d97c3d3-1d11-486e-bcfe-2e247fe45ae4
[35m[HTTP][39m [37m<-- GET /wd/hub/session/1d97c3d3-1d11-486e-bcfe-2e247fe45ae4/element/00000000-0000-0023-ffff-ffff0000002b/location [39m[32m200[39m [90m13 ms - 79[39m
[35m[HTTP][39m [90m[39m
[35m[HTTP][39m [37m-->[39m [37mGET[39m [37m/wd/hub/session/1d97c3d3-1d11-486e-bcfe-2e247fe45ae4/element/00000000-0000-0023-ffff-ffff0000002b/size[39m
[35m[HTTP][39m [90m{}[39m
[35m[W3C (1d97c3d3)][39m Driver proxy active, passing request on via HTTP proxy
[35m[WD Proxy][39m Replacing sessionId 185cd3e9-dd93-439f-be8f-34d0fbe7bd83 with 1d97c3d3-1d11-486e-bcfe-2e247fe45ae4
[35m[HTTP][39m [37m<-- GET /wd/hub/session/1d97c3d3-1d11-486e-bcfe-2e247fe45ae4/element/00000000-0000-0023-ffff-ffff0000002b/size [39m[32m200[39m [90m12 ms - 85[39m
[35m[HTTP][39m [90m[39m
[35m[HTTP][39m [37m-->[39m [37mPOST[39m [37m/wd/hub/session/1d97c3d3-1d11-486e-bcfe-2e247fe45ae4/timeouts[39m
[35m[HTTP][39m [90m{"implicit":1000}[39m
[35m[HTTP][39m [37m<-- POST /wd/hub/session/1d97c3d3-1d11-486e-bcfe-2e247fe45ae4/timeouts [39m[32m200[39m [90m1 ms - 14[39m
[35m[HTTP][39m [90m[39m
[35m[HTTP][39m [37m-->[39m [37mPOST[39m [37m/wd/hub/session/1d97c3d3-1d11-486e-bcfe-2e247fe45ae4/elements[39m
[35m[HTTP][39m [90m{"using":"-android uiautomator","value":"new UiSelector().className(\"android.widget.ImageView\").resourceId(\"com.solodroid.solomerce:id/icon\").packageName(\"com.solodroid.solomerce\").enabled(true).clickable(false).longClickable(false).checkable(false).checked(false).focusable(false).focused(false).scrollable(false).selected(true).index(1)"}[39m
[35m[HTTP][39m [37m<-- POST /wd/hub/session/1d97c3d3-1d11-486e-bcfe-2e247fe45ae4/elements [39m[32m200[39m [90m47 ms - 139[39m
[35m[HTTP][39m [90m[39m
[35m[HTTP][39m [37m-->[39m [37mGET[39m [37m/wd/hub/session/1d97c3d3-1d11-486e-bcfe-2e247fe45ae4/element/00000000-0000-0023-ffff-ffff0000002b/location[39m
[35m[HTTP][39m [90m{}[39m
[35m[W3C (1d97c3d3)][39m Driver proxy active, passing request on via HTTP proxy
[35m[WD Proxy][39m Replacing sessionId 185cd3e9-dd93-439f-be8f-34d0fbe7bd83 with 1d97c3d3-1d11-486e-bcfe-2e247fe45ae4
[35m[HTTP][39m [37m<-- GET /wd/hub/session/1d97c3d3-1d11-486e-bcfe-2e247fe45ae4/element/00000000-0000-0023-ffff-ffff0000002b/location [39m[32m200[39m [90m21 ms - 79[39m
[35m[HTTP][39m [90m[39m
[35m[HTTP][39m [37m-->[39m [37mGET[39m [37m/wd/hub/session/1d97c3d3-1d11-486e-bcfe-2e247fe45ae4/element/00000000-0000-0023-ffff-ffff0000002b/size[39m
[35m[HTTP][39m [90m{}[39m
[35m[W3C (1d97c3d3)][39m Driver proxy active, passing request on via HTTP proxy
[35m[WD Proxy][39m Replacing sessionId 185cd3e9-dd93-439f-be8f-34d0fbe7bd83 with 1d97c3d3-1d11-486e-bcfe-2e247fe45ae4
[35m[HTTP][39m [37m<-- GET /wd/hub/session/1d97c3d3-1d11-486e-bcfe-2e247fe45ae4/element/00000000-0000-0023-ffff-ffff0000002b/size [39m[32m200[39m [90m19 ms - 85[39m
[35m[HTTP][39m [90m[39m
[35m[HTTP][39m [37m-->[39m [37mPOST[39m [37m/wd/hub/session/1d97c3d3-1d11-486e-bcfe-2e247fe45ae4/elements[39m
[35m[HTTP][39m [90m{"using":"xpath","value":"//*[@class = 'android.widget.TextView' and (@text = 'Profile' or . = 'Profile') and @resource-id = 'com.solodroid.solomerce:id/largeLabel']"}[39m
[35m[HTTP][39m [37m<-- POST /wd/hub/session/1d97c3d3-1d11-486e-bcfe-2e247fe45ae4/elements [39m[32m200[39m [90m129 ms - 139[39m
[35m[HTTP][39m [90m[39m
[35m[HTTP][39m [37m-->[39m [37mPOST[39m [37m/wd/hub/session/1d97c3d3-1d11-486e-bcfe-2e247fe45ae4/timeouts[39m
[35m[HTTP][39m [90m{"implicit":1000}[39m
[35m[HTTP][39m [37m<-- POST /wd/hub/session/1d97c3d3-1d11-486e-bcfe-2e247fe45ae4/timeouts [39m[32m200[39m [90m1 ms - 14[39m
[35m[HTTP][39m [90m[39m
[35m[HTTP][39m [37m-->[39m [37mPOST[39m [37m/wd/hub/session/1d97c3d3-1d11-486e-bcfe-2e247fe45ae4/elements[39m
[35m[HTTP][39m [90m{"using":"xpath","value":"//*[@class = 'android.widget.TextView' and (@text = 'Profile' or . = 'Profile') and @resource-id = 'com.solodroid.solomerce:id/largeLabel']"}[39m
[35m[HTTP][39m [37m<-- POST /wd/hub/session/1d97c3d3-1d11-486e-bcfe-2e247fe45ae4/elements [39m[32m200[39m [90m110 ms - 139[39m
[35m[HTTP][39m [90m[39m
[35m[HTTP][39m [37m-->[39m [37mGET[39m [37m/wd/hub/session/1d97c3d3-1d11-486e-bcfe-2e247fe45ae4/element/00000000-0000-0023-ffff-ffff0000002e/location[39m
[35m[HTTP][39m [90m{}[39m
[35m[W3C (1d97c3d3)][39m Driver proxy active, passing request on via HTTP proxy
[35m[WD Proxy][39m Replacing sessionId 185cd3e9-dd93-439f-be8f-34d0fbe7bd83 with 1d97c3d3-1d11-486e-bcfe-2e247fe45ae4
[35m[HTTP][39m [37m<-- GET /wd/hub/session/1d97c3d3-1d11-486e-bcfe-2e247fe45ae4/element/00000000-0000-0023-ffff-ffff0000002e/location [39m[32m200[39m [90m13 ms - 79[39m
[35m[HTTP][39m [90m[39m
[35m[HTTP][39m [37m-->[39m [37mGET[39m [37m/wd/hub/session/1d97c3d3-1d11-486e-bcfe-2e247fe45ae4/element/00000000-0000-0023-ffff-ffff0000002e/size[39m
[35m[HTTP][39m [90m{}[39m
[35m[W3C (1d97c3d3)][39m Driver proxy active, passing request on via HTTP proxy
[35m[WD Proxy][39m Replacing sessionId 185cd3e9-dd93-439f-be8f-34d0fbe7bd83 with 1d97c3d3-1d11-486e-bcfe-2e247fe45ae4
[35m[HTTP][39m [37m<-- GET /wd/hub/session/1d97c3d3-1d11-486e-bcfe-2e247fe45ae4/element/00000000-0000-0023-ffff-ffff0000002e/size [39m[32m200[39m [90m10 ms - 86[39m
[35m[HTTP][39m [90m[39m
[35m[HTTP][39m [37m-->[39m [37mPOST[39m [37m/wd/hub/session/1d97c3d3-1d11-486e-bcfe-2e247fe45ae4/timeouts[39m
[35m[HTTP][39m [90m{"implicit":1000}[39m
[35m[HTTP][39m [37m<-- POST /wd/hub/session/1d97c3d3-1d11-486e-bcfe-2e247fe45ae4/timeouts [39m[32m200[39m [90m2 ms - 14[39m
[35m[HTTP][39m [90m[39m
[35m[HTTP][39m [37m-->[39m [37mPOST[39m [37m/wd/hub/session/1d97c3d3-1d11-486e-bcfe-2e247fe45ae4/elements[39m
[35m[HTTP][39m [90m{"using":"class name","value":"android.widget.TextView"}[39m
[35m[HTTP][39m [37m<-- POST /wd/hub/session/1d97c3d3-1d11-486e-bcfe-2e247fe45ae4/elements [39m[32m200[39m [90m57 ms - 1803[39m
[35m[HTTP][39m [90m[39m
[35m[HTTP][39m [37m-->[39m [37mGET[39m [37m/wd/hub/session/1d97c3d3-1d11-486e-bcfe-2e247fe45ae4/element/00000000-0000-0023-ffff-ffff00000016/location[39m
[35m[HTTP][39m [90m{}[39m
[35m[W3C (1d97c3d3)][39m Driver proxy active, passing request on via HTTP proxy
[35m[WD Proxy][39m Replacing sessionId 185cd3e9-dd93-439f-be8f-34d0fbe7bd83 with 1d97c3d3-1d11-486e-bcfe-2e247fe45ae4
[35m[HTTP][39m [37m<-- GET /wd/hub/session/1d97c3d3-1d11-486e-bcfe-2e247fe45ae4/element/00000000-0000-0023-ffff-ffff00000016/location [39m[32m200[39m [90m16 ms - 76[39m
[35m[HTTP][39m [90m[39m
[35m[HTTP][39m [37m-->[39m [37mGET[39m [37m/wd/hub/session/1d97c3d3-1d11-486e-bcfe-2e247fe45ae4/element/00000000-0000-0023-ffff-ffff00000016/size[39m
[35m[HTTP][39m [90m{}[39m
[35m[W3C (1d97c3d3)][39m Driver proxy active, passing request on via HTTP proxy
[35m[WD Proxy][39m Replacing sessionId 185cd3e9-dd93-439f-be8f-34d0fbe7bd83 with 1d97c3d3-1d11-486e-bcfe-2e247fe45ae4
[35m[HTTP][39m [37m<-- GET /wd/hub/session/1d97c3d3-1d11-486e-bcfe-2e247fe45ae4/element/00000000-0000-0023-ffff-ffff00000016/size [39m[32m200[39m [90m12 ms - 86[39m
[35m[HTTP][39m [90m[39m
[35m[HTTP][39m [37m-->[39m [37mGET[39m [37m/wd/hub/session/1d97c3d3-1d11-486e-bcfe-2e247fe45ae4/element/00000000-0000-0023-ffff-ffff00000040/location[39m
[35m[HTTP][39m [90m{}[39m
[35m[W3C (1d97c3d3)][39m Driver proxy active, passing request on via HTTP proxy
[35m[WD Proxy][39m Replacing sessionId 185cd3e9-dd93-439f-be8f-34d0fbe7bd83 with 1d97c3d3-1d11-486e-bcfe-2e247fe45ae4
[35m[HTTP][39m [37m<-- GET /wd/hub/session/1d97c3d3-1d11-486e-bcfe-2e247fe45ae4/element/00000000-0000-0023-ffff-ffff00000040/location [39m[32m200[39m [90m12 ms - 77[39m
[35m[HTTP][39m [90m[39m
[35m[HTTP][39m [37m-->[39m [37mGET[39m [37m/wd/hub/session/1d97c3d3-1d11-486e-bcfe-2e247fe45ae4/element/00000000-0000-0023-ffff-ffff00000040/size[39m
[35m[HTTP][39m [90m{}[39m
[35m[W3C (1d97c3d3)][39m Driver proxy active, passing request on via HTTP proxy
[35m[WD Proxy][39m Replacing sessionId 185cd3e9-dd93-439f-be8f-34d0fbe7bd83 with 1d97c3d3-1d11-486e-bcfe-2e247fe45ae4
[35m[HTTP][39m [37m<-- GET /wd/hub/session/1d97c3d3-1d11-486e-bcfe-2e247fe45ae4/element/00000000-0000-0023-ffff-ffff00000040/size [39m[32m200[39m [90m13 ms - 86[39m
[35m[HTTP][39m [90m[39m
[35m[HTTP][39m [37m-->[39m [37mGET[39m [37m/wd/hub/session/1d97c3d3-1d11-486e-bcfe-2e247fe45ae4/element/00000000-0000-0023-ffff-ffff00000041/location[39m
[35m[HTTP][39m [90m{}[39m
[35m[W3C (1d97c3d3)][39m Driver proxy active, passing request on via HTTP proxy
[35m[WD Proxy][39m Replacing sessionId 185cd3e9-dd93-439f-be8f-34d0fbe7bd83 with 1d97c3d3-1d11-486e-bcfe-2e247fe45ae4
[35m[HTTP][39m [37m<-- GET /wd/hub/session/1d97c3d3-1d11-486e-bcfe-2e247fe45ae4/element/00000000-0000-0023-ffff-ffff00000041/location [39m[32m200[39m [90m14 ms - 77[39m
[35m[HTTP][39m [90m[39m
[35m[HTTP][39m [37m-->[39m [37mGET[39m [37m/wd/hub/session/1d97c3d3-1d11-486e-bcfe-2e247fe45ae4/element/00000000-0000-0023-ffff-ffff00000041/size[39m
[35m[HTTP][39m [90m{}[39m
[35m[W3C (1d97c3d3)][39m Driver proxy active, passing request on via HTTP proxy
[35m[WD Proxy][39m Replacing sessionId 185cd3e9-dd93-439f-be8f-34d0fbe7bd83 with 1d97c3d3-1d11-486e-bcfe-2e247fe45ae4
[35m[HTTP][39m [37m<-- GET /wd/hub/session/1d97c3d3-1d11-486e-bcfe-2e247fe45ae4/element/00000000-0000-0023-ffff-ffff00000041/size [39m[32m200[39m [90m12 ms - 86[39m
[35m[HTTP][39m [90m[39m
[35m[HTTP][39m [37m-->[39m [37mGET[39m [37m/wd/hub/session/1d97c3d3-1d11-486e-bcfe-2e247fe45ae4/element/00000000-0000-0023-ffff-ffff00000042/location[39m
[35m[HTTP][39m [90m{}[39m
[35m[W3C (1d97c3d3)][39m Driver proxy active, passing request on via HTTP proxy
[35m[WD Proxy][39m Replacing sessionId 185cd3e9-dd93-439f-be8f-34d0fbe7bd83 with 1d97c3d3-1d11-486e-bcfe-2e247fe45ae4
[35m[HTTP][39m [37m<-- GET /wd/hub/session/1d97c3d3-1d11-486e-bcfe-2e247fe45ae4/element/00000000-0000-0023-ffff-ffff00000042/location [39m[32m200[39m [90m15 ms - 77[39m
[35m[HTTP][39m [90m[39m
[35m[HTTP][39m [37m-->[39m [37mGET[39m [37m/wd/hub/session/1d97c3d3-1d11-486e-bcfe-2e247fe45ae4/element/00000000-0000-0023-ffff-ffff00000042/size[39m
[35m[HTTP][39m [90m{}[39m
[35m[W3C (1d97c3d3)][39m Driver proxy active, passing request on via HTTP proxy
[35m[WD Proxy][39m Replacing sessionId 185cd3e9-dd93-439f-be8f-34d0fbe7bd83 with 1d97c3d3-1d11-486e-bcfe-2e247fe45ae4
[35m[HTTP][39m [37m<-- GET /wd/hub/session/1d97c3d3-1d11-486e-bcfe-2e247fe45ae4/element/00000000-0000-0023-ffff-ffff00000042/size [39m[32m200[39m [90m20 ms - 86[39m
[35m[HTTP][39m [90m[39m
[35m[HTTP][39m [37m-->[39m [37mGET[39m [37m/wd/hub/session/1d97c3d3-1d11-486e-bcfe-2e247fe45ae4/element/00000000-0000-0023-ffff-ffff00000043/location[39m
[35m[HTTP][39m [90m{}[39m
[35m[W3C (1d97c3d3)][39m Driver proxy active, passing request on via HTTP proxy
[35m[WD Proxy][39m Replacing sessionId 185cd3e9-dd93-439f-be8f-34d0fbe7bd83 with 1d97c3d3-1d11-486e-bcfe-2e247fe45ae4
[35m[HTTP][39m [37m<-- GET /wd/hub/session/1d97c3d3-1d11-486e-bcfe-2e247fe45ae4/element/00000000-0000-0023-ffff-ffff00000043/location [39m[32m200[39m [90m22 ms - 77[39m
[35m[HTTP][39m [90m[39m
[35m[HTTP][39m [37m-->[39m [37mGET[39m [37m/wd/hub/session/1d97c3d3-1d11-486e-bcfe-2e247fe45ae4/element/00000000-0000-0023-ffff-ffff00000043/size[39m
[35m[HTTP][39m [90m{}[39m
[35m[W3C (1d97c3d3)][39m Driver proxy active, passing request on via HTTP proxy
[35m[WD Proxy][39m Replacing sessionId 185cd3e9-dd93-439f-be8f-34d0fbe7bd83 with 1d97c3d3-1d11-486e-bcfe-2e247fe45ae4
[35m[HTTP][39m [37m<-- GET /wd/hub/session/1d97c3d3-1d11-486e-bcfe-2e247fe45ae4/element/00000000-0000-0023-ffff-ffff00000043/size [39m[32m200[39m [90m23 ms - 86[39m
[35m[HTTP][39m [90m[39m
[35m[HTTP][39m [37m-->[39m [37mGET[39m [37m/wd/hub/session/1d97c3d3-1d11-486e-bcfe-2e247fe45ae4/element/00000000-0000-0023-ffff-ffff00000045/location[39m
[35m[HTTP][39m [90m{}[39m
[35m[W3C (1d97c3d3)][39m Driver proxy active, passing request on via HTTP proxy
[35m[WD Proxy][39m Replacing sessionId 185cd3e9-dd93-439f-be8f-34d0fbe7bd83 with 1d97c3d3-1d11-486e-bcfe-2e247fe45ae4
[35m[HTTP][39m [37m<-- GET /wd/hub/session/1d97c3d3-1d11-486e-bcfe-2e247fe45ae4/element/00000000-0000-0023-ffff-ffff00000045/location [39m[32m200[39m [90m21 ms - 78[39m
[35m[HTTP][39m [90m[39m
[35m[HTTP][39m [37m-->[39m [37mGET[39m [37m/wd/hub/session/1d97c3d3-1d11-486e-bcfe-2e247fe45ae4/element/00000000-0000-0023-ffff-ffff00000045/size[39m
[35m[HTTP][39m [90m{}[39m
[35m[W3C (1d97c3d3)][39m Driver proxy active, passing request on via HTTP proxy
[35m[WD Proxy][39m Replacing sessionId 185cd3e9-dd93-439f-be8f-34d0fbe7bd83 with 1d97c3d3-1d11-486e-bcfe-2e247fe45ae4
[35m[HTTP][39m [37m<-- GET /wd/hub/session/1d97c3d3-1d11-486e-bcfe-2e247fe45ae4/element/00000000-0000-0023-ffff-ffff00000045/size [39m[32m200[39m [90m20 ms - 86[39m
[35m[HTTP][39m [90m[39m
[35m[HTTP][39m [37m-->[39m [37mGET[39m [37m/wd/hub/session/1d97c3d3-1d11-486e-bcfe-2e247fe45ae4/element/00000000-0000-0023-ffff-ffff0000004a/location[39m
[35m[HTTP][39m [90m{}[39m
[35m[W3C (1d97c3d3)][39m Driver proxy active, passing request on via HTTP proxy
[35m[WD Proxy][39m Replacing sessionId 185cd3e9-dd93-439f-be8f-34d0fbe7bd83 with 1d97c3d3-1d11-486e-bcfe-2e247fe45ae4
[35m[HTTP][39m [37m<-- GET /wd/hub/session/1d97c3d3-1d11-486e-bcfe-2e247fe45ae4/element/00000000-0000-0023-ffff-ffff0000004a/location [39m[32m200[39m [90m21 ms - 78[39m
[35m[HTTP][39m [90m[39m
[35m[HTTP][39m [37m-->[39m [37mGET[39m [37m/wd/hub/session/1d97c3d3-1d11-486e-bcfe-2e247fe45ae4/element/00000000-0000-0023-ffff-ffff0000004a/size[39m
[35m[HTTP][39m [90m{}[39m
[35m[W3C (1d97c3d3)][39m Driver proxy active, passing request on via HTTP proxy
[35m[WD Proxy][39m Replacing sessionId 185cd3e9-dd93-439f-be8f-34d0fbe7bd83 with 1d97c3d3-1d11-486e-bcfe-2e247fe45ae4
[35m[HTTP][39m [37m<-- GET /wd/hub/session/1d97c3d3-1d11-486e-bcfe-2e247fe45ae4/element/00000000-0000-0023-ffff-ffff0000004a/size [39m[32m200[39m [90m23 ms - 86[39m
[35m[HTTP][39m [90m[39m
[35m[HTTP][39m [37m-->[39m [37mGET[39m [37m/wd/hub/session/1d97c3d3-1d11-486e-bcfe-2e247fe45ae4/element/00000000-0000-0023-ffff-ffff0000004f/location[39m
[35m[HTTP][39m [90m{}[39m
[35m[W3C (1d97c3d3)][39m Driver proxy active, passing request on via HTTP proxy
[35m[WD Proxy][39m Replacing sessionId 185cd3e9-dd93-439f-be8f-34d0fbe7bd83 with 1d97c3d3-1d11-486e-bcfe-2e247fe45ae4
[35m[HTTP][39m [37m<-- GET /wd/hub/session/1d97c3d3-1d11-486e-bcfe-2e247fe45ae4/element/00000000-0000-0023-ffff-ffff0000004f/location [39m[32m200[39m [90m22 ms - 78[39m
[35m[HTTP][39m [90m[39m
[35m[HTTP][39m [37m-->[39m [37mGET[39m [37m/wd/hub/session/1d97c3d3-1d11-486e-bcfe-2e247fe45ae4/element/00000000-0000-0023-ffff-ffff0000004f/size[39m
[35m[HTTP][39m [90m{}[39m
[35m[W3C (1d97c3d3)][39m Driver proxy active, passing request on via HTTP proxy
[35m[WD Proxy][39m Replacing sessionId 185cd3e9-dd93-439f-be8f-34d0fbe7bd83 with 1d97c3d3-1d11-486e-bcfe-2e247fe45ae4
[35m[HTTP][39m [37m<-- GET /wd/hub/session/1d97c3d3-1d11-486e-bcfe-2e247fe45ae4/element/00000000-0000-0023-ffff-ffff0000004f/size [39m[32m200[39m [90m20 ms - 86[39m
[35m[HTTP][39m [90m[39m
[35m[HTTP][39m [37m-->[39m [37mGET[39m [37m/wd/hub/session/1d97c3d3-1d11-486e-bcfe-2e247fe45ae4/element/00000000-0000-0023-ffff-ffff00000054/location[39m
[35m[HTTP][39m [90m{}[39m
[35m[W3C (1d97c3d3)][39m Driver proxy active, passing request on via HTTP proxy
[35m[WD Proxy][39m Replacing sessionId 185cd3e9-dd93-439f-be8f-34d0fbe7bd83 with 1d97c3d3-1d11-486e-bcfe-2e247fe45ae4
[35m[HTTP][39m [37m<-- GET /wd/hub/session/1d97c3d3-1d11-486e-bcfe-2e247fe45ae4/element/00000000-0000-0023-ffff-ffff00000054/location [39m[32m200[39m [90m22 ms - 79[39m
[35m[HTTP][39m [90m[39m
[35m[HTTP][39m [37m-->[39m [37mGET[39m [37m/wd/hub/session/1d97c3d3-1d11-486e-bcfe-2e247fe45ae4/element/00000000-0000-0023-ffff-ffff00000054/size[39m
[35m[HTTP][39m [90m{}[39m
[35m[W3C (1d97c3d3)][39m Driver proxy active, passing request on via HTTP proxy
[35m[WD Proxy][39m Replacing sessionId 185cd3e9-dd93-439f-be8f-34d0fbe7bd83 with 1d97c3d3-1d11-486e-bcfe-2e247fe45ae4
[35m[HTTP][39m [37m<-- GET /wd/hub/session/1d97c3d3-1d11-486e-bcfe-2e247fe45ae4/element/00000000-0000-0023-ffff-ffff00000054/size [39m[32m200[39m [90m22 ms - 86[39m
[35m[HTTP][39m [90m[39m
[35m[HTTP][39m [37m-->[39m [37mGET[39m [37m/wd/hub/session/1d97c3d3-1d11-486e-bcfe-2e247fe45ae4/element/00000000-0000-0023-ffff-ffff00000059/location[39m
[35m[HTTP][39m [90m{}[39m
[35m[W3C (1d97c3d3)][39m Driver proxy active, passing request on via HTTP proxy
[35m[WD Proxy][39m Replacing sessionId 185cd3e9-dd93-439f-be8f-34d0fbe7bd83 with 1d97c3d3-1d11-486e-bcfe-2e247fe45ae4
[35m[HTTP][39m [37m<-- GET /wd/hub/session/1d97c3d3-1d11-486e-bcfe-2e247fe45ae4/element/00000000-0000-0023-ffff-ffff00000059/location [39m[32m200[39m [90m24 ms - 79[39m
[35m[HTTP][39m [90m[39m
[35m[HTTP][39m [37m-->[39m [37mGET[39m [37m/wd/hub/session/1d97c3d3-1d11-486e-bcfe-2e247fe45ae4/element/00000000-0000-0023-ffff-ffff00000059/size[39m
[35m[HTTP][39m [90m{}[39m
[35m[W3C (1d97c3d3)][39m Driver proxy active, passing request on via HTTP proxy
[35m[WD Proxy][39m Replacing sessionId 185cd3e9-dd93-439f-be8f-34d0fbe7bd83 with 1d97c3d3-1d11-486e-bcfe-2e247fe45ae4
[35m[HTTP][39m [37m<-- GET /wd/hub/session/1d97c3d3-1d11-486e-bcfe-2e247fe45ae4/element/00000000-0000-0023-ffff-ffff00000059/size [39m[32m200[39m [90m17 ms - 86[39m
[35m[HTTP][39m [90m[39m
[35m[HTTP][39m [37m-->[39m [37mGET[39m [37m/wd/hub/session/1d97c3d3-1d11-486e-bcfe-2e247fe45ae4/element/00000000-0000-0023-ffff-ffff0000001e/location[39m
[35m[HTTP][39m [90m{}[39m
[35m[W3C (1d97c3d3)][39m Driver proxy active, passing request on via HTTP proxy
[35m[WD Proxy][39m Replacing sessionId 185cd3e9-dd93-439f-be8f-34d0fbe7bd83 with 1d97c3d3-1d11-486e-bcfe-2e247fe45ae4
[35m[HTTP][39m [37m<-- GET /wd/hub/session/1d97c3d3-1d11-486e-bcfe-2e247fe45ae4/element/00000000-0000-0023-ffff-ffff0000001e/location [39m[32m200[39m [90m17 ms - 78[39m
[35m[HTTP][39m [90m[39m
[35m[HTTP][39m [37m-->[39m [37mGET[39m [37m/wd/hub/session/1d97c3d3-1d11-486e-bcfe-2e247fe45ae4/element/00000000-0000-0023-ffff-ffff0000001e/size[39m
[35m[HTTP][39m [90m{}[39m
[35m[W3C (1d97c3d3)][39m Driver proxy active, passing request on via HTTP proxy
[35m[WD Proxy][39m Replacing sessionId 185cd3e9-dd93-439f-be8f-34d0fbe7bd83 with 1d97c3d3-1d11-486e-bcfe-2e247fe45ae4
[35m[HTTP][39m [37m<-- GET /wd/hub/session/1d97c3d3-1d11-486e-bcfe-2e247fe45ae4/element/00000000-0000-0023-ffff-ffff0000001e/size [39m[32m200[39m [90m19 ms - 86[39m
[35m[HTTP][39m [90m[39m
[35m[HTTP][39m [37m-->[39m [37mGET[39m [37m/wd/hub/session/1d97c3d3-1d11-486e-bcfe-2e247fe45ae4/element/00000000-0000-0023-ffff-ffff00000023/location[39m
[35m[HTTP][39m [90m{}[39m
[35m[W3C (1d97c3d3)][39m Driver proxy active, passing request on via HTTP proxy
[35m[WD Proxy][39m Replacing sessionId 185cd3e9-dd93-439f-be8f-34d0fbe7bd83 with 1d97c3d3-1d11-486e-bcfe-2e247fe45ae4
[35m[HTTP][39m [37m<-- GET /wd/hub/session/1d97c3d3-1d11-486e-bcfe-2e247fe45ae4/element/00000000-0000-0023-ffff-ffff00000023/location [39m[32m200[39m [90m15 ms - 79[39m
[35m[HTTP][39m [90m[39m
[35m[HTTP][39m [37m-->[39m [37mGET[39m [37m/wd/hub/session/1d97c3d3-1d11-486e-bcfe-2e247fe45ae4/element/00000000-0000-0023-ffff-ffff00000023/size[39m
[35m[HTTP][39m [90m{}[39m
[35m[W3C (1d97c3d3)][39m Driver proxy active, passing request on via HTTP proxy
[35m[WD Proxy][39m Replacing sessionId 185cd3e9-dd93-439f-be8f-34d0fbe7bd83 with 1d97c3d3-1d11-486e-bcfe-2e247fe45ae4
[35m[HTTP][39m [37m<-- GET /wd/hub/session/1d97c3d3-1d11-486e-bcfe-2e247fe45ae4/element/00000000-0000-0023-ffff-ffff00000023/size [39m[32m200[39m [90m19 ms - 86[39m
[35m[HTTP][39m [90m[39m
[35m[HTTP][39m [37m-->[39m [37mGET[39m [37m/wd/hub/session/1d97c3d3-1d11-486e-bcfe-2e247fe45ae4/element/00000000-0000-0023-ffff-ffff00000028/location[39m
[35m[HTTP][39m [90m{}[39m
[35m[W3C (1d97c3d3)][39m Driver proxy active, passing request on via HTTP proxy
[35m[WD Proxy][39m Replacing sessionId 185cd3e9-dd93-439f-be8f-34d0fbe7bd83 with 1d97c3d3-1d11-486e-bcfe-2e247fe45ae4
[35m[HTTP][39m [37m<-- GET /wd/hub/session/1d97c3d3-1d11-486e-bcfe-2e247fe45ae4/element/00000000-0000-0023-ffff-ffff00000028/location [39m[32m200[39m [90m19 ms - 79[39m
[35m[HTTP][39m [90m[39m
[35m[HTTP][39m [37m-->[39m [37mGET[39m [37m/wd/hub/session/1d97c3d3-1d11-486e-bcfe-2e247fe45ae4/element/00000000-0000-0023-ffff-ffff00000028/size[39m
[35m[HTTP][39m [90m{}[39m
[35m[W3C (1d97c3d3)][39m Driver proxy active, passing request on via HTTP proxy
[35m[WD Proxy][39m Replacing sessionId 185cd3e9-dd93-439f-be8f-34d0fbe7bd83 with 1d97c3d3-1d11-486e-bcfe-2e247fe45ae4
[35m[HTTP][39m [37m<-- GET /wd/hub/session/1d97c3d3-1d11-486e-bcfe-2e247fe45ae4/element/00000000-0000-0023-ffff-ffff00000028/size [39m[32m200[39m [90m20 ms - 85[39m
[35m[HTTP][39m [90m[39m
[35m[HTTP][39m [37m-->[39m [37mGET[39m [37m/wd/hub/session/1d97c3d3-1d11-486e-bcfe-2e247fe45ae4/element/00000000-0000-0023-ffff-ffff0000002e/location[39m
[35m[HTTP][39m [90m{}[39m
[35m[W3C (1d97c3d3)][39m Driver proxy active, passing request on via HTTP proxy
[35m[WD Proxy][39m Replacing sessionId 185cd3e9-dd93-439f-be8f-34d0fbe7bd83 with 1d97c3d3-1d11-486e-bcfe-2e247fe45ae4
[35m[HTTP][39m [37m<-- GET /wd/hub/session/1d97c3d3-1d11-486e-bcfe-2e247fe45ae4/element/00000000-0000-0023-ffff-ffff0000002e/location [39m[32m200[39m [90m20 ms - 79[39m
[35m[HTTP][39m [90m[39m
[35m[HTTP][39m [37m-->[39m [37mGET[39m [37m/wd/hub/session/1d97c3d3-1d11-486e-bcfe-2e247fe45ae4/element/00000000-0000-0023-ffff-ffff0000002e/size[39m
[35m[HTTP][39m [90m{}[39m
[35m[W3C (1d97c3d3)][39m Driver proxy active, passing request on via HTTP proxy
[35m[WD Proxy][39m Replacing sessionId 185cd3e9-dd93-439f-be8f-34d0fbe7bd83 with 1d97c3d3-1d11-486e-bcfe-2e247fe45ae4
[35m[HTTP][39m [37m<-- GET /wd/hub/session/1d97c3d3-1d11-486e-bcfe-2e247fe45ae4/element/00000000-0000-0023-ffff-ffff0000002e/size [39m[32m200[39m [90m24 ms - 86[39m
[35m[HTTP][39m [90m[39m
[35m[HTTP][39m [37m-->[39m [37mPOST[39m [37m/wd/hub/session/1d97c3d3-1d11-486e-bcfe-2e247fe45ae4/timeouts[39m
[35m[HTTP][39m [90m{"implicit":1000}[39m
[35m[HTTP][39m [37m<-- POST /wd/hub/session/1d97c3d3-1d11-486e-bcfe-2e247fe45ae4/timeouts [39m[32m200[39m [90m2 ms - 14[39m
[35m[HTTP][39m [90m[39m
[35m[HTTP][39m [37m-->[39m [37mPOST[39m [37m/wd/hub/session/1d97c3d3-1d11-486e-bcfe-2e247fe45ae4/elements[39m
[35m[HTTP][39m [90m{"using":"xpath","value":"//hierarchy/android.widget.FrameLayout[1]/android.widget.LinearLayout[1]/android.widget.FrameLayout[1]/android.widget.LinearLayout[1]/android.widget.FrameLayout[1]/android.widget.RelativeLayout[1]/android.widget.FrameLayout[1]/android.view.ViewGroup[1]/android.widget.FrameLayout[4]/android.view.ViewGroup[1]/android.widget.TextView[1]"}[39m
[35m[HTTP][39m [37m<-- POST /wd/hub/session/1d97c3d3-1d11-486e-bcfe-2e247fe45ae4/elements [39m[32m200[39m [90m112 ms - 139[39m
[35m[HTTP][39m [90m[39m
[35m[HTTP][39m [37m-->[39m [37mGET[39m [37m/wd/hub/session/1d97c3d3-1d11-486e-bcfe-2e247fe45ae4/element/00000000-0000-0023-ffff-ffff0000002e/location[39m
[35m[HTTP][39m [90m{}[39m
[35m[W3C (1d97c3d3)][39m Driver proxy active, passing request on via HTTP proxy
[35m[WD Proxy][39m Replacing sessionId 185cd3e9-dd93-439f-be8f-34d0fbe7bd83 with 1d97c3d3-1d11-486e-bcfe-2e247fe45ae4
[35m[HTTP][39m [37m<-- GET /wd/hub/session/1d97c3d3-1d11-486e-bcfe-2e247fe45ae4/element/00000000-0000-0023-ffff-ffff0000002e/location [39m[32m200[39m [90m23 ms - 79[39m
[35m[HTTP][39m [90m[39m
[35m[HTTP][39m [37m-->[39m [37mGET[39m [37m/wd/hub/session/1d97c3d3-1d11-486e-bcfe-2e247fe45ae4/element/00000000-0000-0023-ffff-ffff0000002e/size[39m
[35m[HTTP][39m [90m{}[39m
[35m[W3C (1d97c3d3)][39m Driver proxy active, passing request on via HTTP proxy
[35m[WD Proxy][39m Replacing sessionId 185cd3e9-dd93-439f-be8f-34d0fbe7bd83 with 1d97c3d3-1d11-486e-bcfe-2e247fe45ae4
[35m[HTTP][39m [37m<-- GET /wd/hub/session/1d97c3d3-1d11-486e-bcfe-2e247fe45ae4/element/00000000-0000-0023-ffff-ffff0000002e/size [39m[32m200[39m [90m18 ms - 86[39m
[35m[HTTP][39m [90m[39m
[35m[HTTP][39m [37m-->[39m [37mPOST[39m [37m/wd/hub/session/1d97c3d3-1d11-486e-bcfe-2e247fe45ae4/timeouts[39m
[35m[HTTP][39m [90m{"implicit":1000}[39m
[35m[HTTP][39m [37m<-- POST /wd/hub/session/1d97c3d3-1d11-486e-bcfe-2e247fe45ae4/timeouts [39m[32m200[39m [90m1 ms - 14[39m
[35m[HTTP][39m [90m[39m
[35m[HTTP][39m [37m-->[39m [37mPOST[39m [37m/wd/hub/session/1d97c3d3-1d11-486e-bcfe-2e247fe45ae4/elements[39m
[35m[HTTP][39m [90m{"using":"-android uiautomator","value":"new UiSelector().className(\"android.widget.TextView\").text(\"Profile\").resourceId(\"com.solodroid.solomerce:id/largeLabel\").packageName(\"com.solodroid.solomerce\").enabled(true).clickable(false).longClickable(false).checkable(false).checked(false).focusable(false).focused(false).scrollable(false).selected(true).index(0)"}[39m
[35m[HTTP][39m [37m<-- POST /wd/hub/session/1d97c3d3-1d11-486e-bcfe-2e247fe45ae4/elements [39m[32m200[39m [90m375 ms - 139[39m
[35m[HTTP][39m [90m[39m
[35m[HTTP][39m [37m-->[39m [37mGET[39m [37m/wd/hub/session/1d97c3d3-1d11-486e-bcfe-2e247fe45ae4/element/00000000-0000-0023-ffff-ffff0000002e/location[39m
[35m[HTTP][39m [90m{}[39m
[35m[W3C (1d97c3d3)][39m Driver proxy active, passing request on via HTTP proxy
[35m[WD Proxy][39m Replacing sessionId 185cd3e9-dd93-439f-be8f-34d0fbe7bd83 with 1d97c3d3-1d11-486e-bcfe-2e247fe45ae4
[35m[HTTP][39m [37m<-- GET /wd/hub/session/1d97c3d3-1d11-486e-bcfe-2e247fe45ae4/element/00000000-0000-0023-ffff-ffff0000002e/location [39m[32m200[39m [90m23 ms - 79[39m
[35m[HTTP][39m [90m[39m
[35m[HTTP][39m [37m-->[39m [37mGET[39m [37m/wd/hub/session/1d97c3d3-1d11-486e-bcfe-2e247fe45ae4/element/00000000-0000-0023-ffff-ffff0000002e/size[39m
[35m[HTTP][39m [90m{}[39m
[35m[W3C (1d97c3d3)][39m Driver proxy active, passing request on via HTTP proxy
[35m[WD Proxy][39m Replacing sessionId 185cd3e9-dd93-439f-be8f-34d0fbe7bd83 with 1d97c3d3-1d11-486e-bcfe-2e247fe45ae4
[35m[HTTP][39m [37m<-- GET /wd/hub/session/1d97c3d3-1d11-486e-bcfe-2e247fe45ae4/element/00000000-0000-0023-ffff-ffff0000002e/size [39m[32m200[39m [90m17 ms - 86[39m
[35m[HTTP][39m [90m[39m
[35m[HTTP][39m [37m-->[39m [37mPOST[39m [37m/wd/hub/session/1d97c3d3-1d11-486e-bcfe-2e247fe45ae4/timeouts[39m
[35m[HTTP][39m [90m{"implicit":1000}[39m
[35m[HTTP][39m [37m<-- POST /wd/hub/session/1d97c3d3-1d11-486e-bcfe-2e247fe45ae4/timeouts [39m[32m200[39m [90m1 ms - 14[39m
[35m[HTTP][39m [90m[39m
[35m[HTTP][39m [37m-->[39m [37mPOST[39m [37m/wd/hub/session/1d97c3d3-1d11-486e-bcfe-2e247fe45ae4/elements[39m
[35m[HTTP][39m [90m{"using":"xpath","value":"//hierarchy/android.widget.FrameLayout[1]/android.widget.LinearLayout[1]/android.widget.FrameLayout[1]/android.widget.LinearLayout[1]/android.widget.FrameLayout[1]/android.widget.RelativeLayout[1]/android.widget.FrameLayout[1]/android.view.ViewGroup[1]/android.widget.FrameLayout[4]/android.view.ViewGroup[1]/android.widget.TextView[1]"}[39m
[35m[HTTP][39m [37m<-- POST /wd/hub/session/1d97c3d3-1d11-486e-bcfe-2e247fe45ae4/elements [39m[32m200[39m [90m81 ms - 139[39m
[35m[HTTP][39m [90m[39m
[35m[HTTP][39m [37m-->[39m [37mGET[39m [37m/wd/hub/session/1d97c3d3-1d11-486e-bcfe-2e247fe45ae4/element/00000000-0000-0023-ffff-ffff0000002e/location[39m
[35m[HTTP][39m [90m{}[39m
[35m[W3C (1d97c3d3)][39m Driver proxy active, passing request on via HTTP proxy
[35m[WD Proxy][39m Replacing sessionId 185cd3e9-dd93-439f-be8f-34d0fbe7bd83 with 1d97c3d3-1d11-486e-bcfe-2e247fe45ae4
[35m[HTTP][39m [37m<-- GET /wd/hub/session/1d97c3d3-1d11-486e-bcfe-2e247fe45ae4/element/00000000-0000-0023-ffff-ffff0000002e/location [39m[32m200[39m [90m12 ms - 79[39m
[35m[HTTP][39m [90m[39m
[35m[HTTP][39m [37m-->[39m [37mGET[39m [37m/wd/hub/session/1d97c3d3-1d11-486e-bcfe-2e247fe45ae4/element/00000000-0000-0023-ffff-ffff0000002e/size[39m
[35m[HTTP][39m [90m{}[39m
[35m[W3C (1d97c3d3)][39m Driver proxy active, passing request on via HTTP proxy
[35m[WD Proxy][39m Replacing sessionId 185cd3e9-dd93-439f-be8f-34d0fbe7bd83 with 1d97c3d3-1d11-486e-bcfe-2e247fe45ae4
[35m[HTTP][39m [37m<-- GET /wd/hub/session/1d97c3d3-1d11-486e-bcfe-2e247fe45ae4/element/00000000-0000-0023-ffff-ffff0000002e/size [39m[32m200[39m [90m11 ms - 86[39m
[35m[HTTP][39m [90m[39m
[35m[HTTP][39m [37m-->[39m [37mPOST[39m [37m/wd/hub/session/1d97c3d3-1d11-486e-bcfe-2e247fe45ae4/elements[39m
[35m[HTTP][39m [90m{"using":"xpath","value":"//*[@class = 'android.widget.FrameLayout' and @resource-id = 'com.solodroid.solomerce:id/btn_order_history' and (@text = '' or . = '')]"}[39m
[35m[HTTP][39m [37m<-- POST /wd/hub/session/1d97c3d3-1d11-486e-bcfe-2e247fe45ae4/elements [39m[32m200[39m [90m96 ms - 139[39m
[35m[HTTP][39m [90m[39m
[35m[HTTP][39m [37m-->[39m [37mPOST[39m [37m/wd/hub/session/1d97c3d3-1d11-486e-bcfe-2e247fe45ae4/timeouts[39m
[35m[HTTP][39m [90m{"implicit":1000}[39m
[35m[HTTP][39m [37m<-- POST /wd/hub/session/1d97c3d3-1d11-486e-bcfe-2e247fe45ae4/timeouts [39m[32m200[39m [90m1 ms - 14[39m
[35m[HTTP][39m [90m[39m
[35m[HTTP][39m [37m-->[39m [37mPOST[39m [37m/wd/hub/session/1d97c3d3-1d11-486e-bcfe-2e247fe45ae4/elements[39m
[35m[HTTP][39m [90m{"using":"xpath","value":"//*[@class = 'android.widget.FrameLayout' and @resource-id = 'com.solodroid.solomerce:id/btn_order_history' and (@text = '' or . = '')]"}[39m
[35m[HTTP][39m [37m<-- POST /wd/hub/session/1d97c3d3-1d11-486e-bcfe-2e247fe45ae4/elements [39m[32m200[39m [90m132 ms - 139[39m
[35m[HTTP][39m [90m[39m
[35m[HTTP][39m [37m-->[39m [37mGET[39m [37m/wd/hub/session/1d97c3d3-1d11-486e-bcfe-2e247fe45ae4/element/00000000-0000-0023-ffff-ffff00000047/location[39m
[35m[HTTP][39m [90m{}[39m
[35m[W3C (1d97c3d3)][39m Driver proxy active, passing request on via HTTP proxy
[35m[WD Proxy][39m Replacing sessionId 185cd3e9-dd93-439f-be8f-34d0fbe7bd83 with 1d97c3d3-1d11-486e-bcfe-2e247fe45ae4
[35m[HTTP][39m [37m<-- GET /wd/hub/session/1d97c3d3-1d11-486e-bcfe-2e247fe45ae4/element/00000000-0000-0023-ffff-ffff00000047/location [39m[32m200[39m [90m12 ms - 76[39m
[35m[HTTP][39m [90m[39m
[35m[HTTP][39m [37m-->[39m [37mGET[39m [37m/wd/hub/session/1d97c3d3-1d11-486e-bcfe-2e247fe45ae4/element/00000000-0000-0023-ffff-ffff00000047/size[39m
[35m[HTTP][39m [90m{}[39m
[35m[W3C (1d97c3d3)][39m Driver proxy active, passing request on via HTTP proxy
[35m[WD Proxy][39m Replacing sessionId 185cd3e9-dd93-439f-be8f-34d0fbe7bd83 with 1d97c3d3-1d11-486e-bcfe-2e247fe45ae4
[35m[HTTP][39m [37m<-- GET /wd/hub/session/1d97c3d3-1d11-486e-bcfe-2e247fe45ae4/element/00000000-0000-0023-ffff-ffff00000047/size [39m[32m200[39m [90m10 ms - 88[39m
[35m[HTTP][39m [90m[39m
[35m[HTTP][39m [37m-->[39m [37mPOST[39m [37m/wd/hub/session/1d97c3d3-1d11-486e-bcfe-2e247fe45ae4/timeouts[39m
[35m[HTTP][39m [90m{"implicit":1000}[39m
[35m[HTTP][39m [37m<-- POST /wd/hub/session/1d97c3d3-1d11-486e-bcfe-2e247fe45ae4/timeouts [39m[32m200[39m [90m2 ms - 14[39m
[35m[HTTP][39m [90m[39m
[35m[HTTP][39m [37m-->[39m [37mPOST[39m [37m/wd/hub/session/1d97c3d3-1d11-486e-bcfe-2e247fe45ae4/elements[39m
[35m[HTTP][39m [90m{"using":"xpath","value":"//hierarchy/android.widget.FrameLayout[1]/android.widget.LinearLayout[1]/android.widget.FrameLayout[1]/android.widget.LinearLayout[1]/android.widget.FrameLayout[1]/android.widget.RelativeLayout[1]/android.view.ViewGroup[1]/androidx.viewpager.widget.ViewPager[1]/android.widget.LinearLayout[1]/android.widget.FrameLayout[1]"}[39m
[35m[HTTP][39m [37m<-- POST /wd/hub/session/1d97c3d3-1d11-486e-bcfe-2e247fe45ae4/elements [39m[32m200[39m [90m60 ms - 139[39m
[35m[HTTP][39m [90m[39m
[35m[HTTP][39m [37m-->[39m [37mGET[39m [37m/wd/hub/session/1d97c3d3-1d11-486e-bcfe-2e247fe45ae4/element/00000000-0000-0023-ffff-ffff00000047/location[39m
[35m[HTTP][39m [90m{}[39m
[35m[W3C (1d97c3d3)][39m Driver proxy active, passing request on via HTTP proxy
[35m[WD Proxy][39m Replacing sessionId 185cd3e9-dd93-439f-be8f-34d0fbe7bd83 with 1d97c3d3-1d11-486e-bcfe-2e247fe45ae4
[35m[HTTP][39m [37m<-- GET /wd/hub/session/1d97c3d3-1d11-486e-bcfe-2e247fe45ae4/element/00000000-0000-0023-ffff-ffff00000047/location [39m[32m200[39m [90m12 ms - 76[39m
[35m[HTTP][39m [90m[39m
[35m[HTTP][39m [37m-->[39m [37mGET[39m [37m/wd/hub/session/1d97c3d3-1d11-486e-bcfe-2e247fe45ae4/element/00000000-0000-0023-ffff-ffff00000047/size[39m
[35m[HTTP][39m [90m{}[39m
[35m[W3C (1d97c3d3)][39m Driver proxy active, passing request on via HTTP proxy
[35m[WD Proxy][39m Replacing sessionId 185cd3e9-dd93-439f-be8f-34d0fbe7bd83 with 1d97c3d3-1d11-486e-bcfe-2e247fe45ae4
[35m[HTTP][39m [37m<-- GET /wd/hub/session/1d97c3d3-1d11-486e-bcfe-2e247fe45ae4/element/00000000-0000-0023-ffff-ffff00000047/size [39m[32m200[39m [90m10 ms - 88[39m
[35m[HTTP][39m [90m[39m
[35m[HTTP][39m [37m-->[39m [37mPOST[39m [37m/wd/hub/session/1d97c3d3-1d11-486e-bcfe-2e247fe45ae4/elements[39m
[35m[HTTP][39m [90m{"using":"xpath","value":"//*[@class = 'android.widget.FrameLayout' and @resource-id = 'com.solodroid.solomerce:id/btn_rate' and (@text = '' or . = '')]"}[39m
[35m[HTTP][39m [37m<-- POST /wd/hub/session/1d97c3d3-1d11-486e-bcfe-2e247fe45ae4/elements [39m[32m200[39m [90m130 ms - 139[39m
[35m[HTTP][39m [90m[39m
[35m[HTTP][39m [37m-->[39m [37mPOST[39m [37m/wd/hub/session/1d97c3d3-1d11-486e-bcfe-2e247fe45ae4/timeouts[39m
[35m[HTTP][39m [90m{"implicit":1000}[39m
[35m[HTTP][39m [37m<-- POST /wd/hub/session/1d97c3d3-1d11-486e-bcfe-2e247fe45ae4/timeouts [39m[32m200[39m [90m1 ms - 14[39m
[35m[HTTP][39m [90m[39m
[35m[HTTP][39m [37m-->[39m [37mPOST[39m [37m/wd/hub/session/1d97c3d3-1d11-486e-bcfe-2e247fe45ae4/elements[39m
[35m[HTTP][39m [90m{"using":"xpath","value":"//*[@class = 'android.widget.FrameLayout' and @resource-id = 'com.solodroid.solomerce:id/btn_rate' and (@text = '' or . = '')]"}[39m
[35m[HTTP][39m [37m<-- POST /wd/hub/session/1d97c3d3-1d11-486e-bcfe-2e247fe45ae4/elements [39m[32m200[39m [90m105 ms - 139[39m
[35m[HTTP][39m [90m[39m
[35m[HTTP][39m [37m-->[39m [37mGET[39m [37m/wd/hub/session/1d97c3d3-1d11-486e-bcfe-2e247fe45ae4/element/00000000-0000-0023-ffff-ffff0000004c/location[39m
[35m[HTTP][39m [90m{}[39m
[35m[W3C (1d97c3d3)][39m Driver proxy active, passing request on via HTTP proxy
[35m[WD Proxy][39m Replacing sessionId 185cd3e9-dd93-439f-be8f-34d0fbe7bd83 with 1d97c3d3-1d11-486e-bcfe-2e247fe45ae4
[35m[HTTP][39m [37m<-- GET /wd/hub/session/1d97c3d3-1d11-486e-bcfe-2e247fe45ae4/element/00000000-0000-0023-ffff-ffff0000004c/location [39m[32m200[39m [90m13 ms - 76[39m
[35m[HTTP][39m [90m[39m
[35m[HTTP][39m [37m-->[39m [37mGET[39m [37m/wd/hub/session/1d97c3d3-1d11-486e-bcfe-2e247fe45ae4/element/00000000-0000-0023-ffff-ffff0000004c/size[39m
[35m[HTTP][39m [90m{}[39m
[35m[W3C (1d97c3d3)][39m Driver proxy active, passing request on via HTTP proxy
[35m[WD Proxy][39m Replacing sessionId 185cd3e9-dd93-439f-be8f-34d0fbe7bd83 with 1d97c3d3-1d11-486e-bcfe-2e247fe45ae4
[35m[HTTP][39m [37m<-- GET /wd/hub/session/1d97c3d3-1d11-486e-bcfe-2e247fe45ae4/element/00000000-0000-0023-ffff-ffff0000004c/size [39m[32m200[39m [90m11 ms - 88[39m
[35m[HTTP][39m [90m[39m
[35m[HTTP][39m [37m-->[39m [37mPOST[39m [37m/wd/hub/session/1d97c3d3-1d11-486e-bcfe-2e247fe45ae4/timeouts[39m
[35m[HTTP][39m [90m{"implicit":1000}[39m
[35m[HTTP][39m [37m<-- POST /wd/hub/session/1d97c3d3-1d11-486e-bcfe-2e247fe45ae4/timeouts [39m[32m200[39m [90m2 ms - 14[39m
[35m[HTTP][39m [90m[39m
[35m[HTTP][39m [37m-->[39m [37mPOST[39m [37m/wd/hub/session/1d97c3d3-1d11-486e-bcfe-2e247fe45ae4/elements[39m
[35m[HTTP][39m [90m{"using":"xpath","value":"//hierarchy/android.widget.FrameLayout[1]/android.widget.LinearLayout[1]/android.widget.FrameLayout[1]/android.widget.LinearLayout[1]/android.widget.FrameLayout[1]/android.widget.RelativeLayout[1]/android.view.ViewGroup[1]/androidx.viewpager.widget.ViewPager[1]/android.widget.LinearLayout[1]/android.widget.FrameLayout[2]"}[39m
[35m[HTTP][39m [37m<-- POST /wd/hub/session/1d97c3d3-1d11-486e-bcfe-2e247fe45ae4/elements [39m[32m200[39m [90m111 ms - 139[39m
[35m[HTTP][39m [90m[39m
[35m[HTTP][39m [37m-->[39m [37mGET[39m [37m/wd/hub/session/1d97c3d3-1d11-486e-bcfe-2e247fe45ae4/element/00000000-0000-0023-ffff-ffff0000004c/location[39m
[35m[HTTP][39m [90m{}[39m
[35m[W3C (1d97c3d3)][39m Driver proxy active, passing request on via HTTP proxy
[35m[WD Proxy][39m Replacing sessionId 185cd3e9-dd93-439f-be8f-34d0fbe7bd83 with 1d97c3d3-1d11-486e-bcfe-2e247fe45ae4
[35m[HTTP][39m [37m<-- GET /wd/hub/session/1d97c3d3-1d11-486e-bcfe-2e247fe45ae4/element/00000000-0000-0023-ffff-ffff0000004c/location [39m[32m200[39m [90m16 ms - 76[39m
[35m[HTTP][39m [90m[39m
[35m[HTTP][39m [37m-->[39m [37mGET[39m [37m/wd/hub/session/1d97c3d3-1d11-486e-bcfe-2e247fe45ae4/element/00000000-0000-0023-ffff-ffff0000004c/size[39m
[35m[HTTP][39m [90m{}[39m
[35m[W3C (1d97c3d3)][39m Driver proxy active, passing request on via HTTP proxy
[35m[WD Proxy][39m Replacing sessionId 185cd3e9-dd93-439f-be8f-34d0fbe7bd83 with 1d97c3d3-1d11-486e-bcfe-2e247fe45ae4
[35m[HTTP][39m [37m<-- GET /wd/hub/session/1d97c3d3-1d11-486e-bcfe-2e247fe45ae4/element/00000000-0000-0023-ffff-ffff0000004c/size [39m[32m200[39m [90m14 ms - 88[39m
[35m[HTTP][39m [90m[39m
[35m[HTTP][39m [37m-->[39m [37mPOST[39m [37m/wd/hub/session/1d97c3d3-1d11-486e-bcfe-2e247fe45ae4/timeouts[39m
[35m[HTTP][39m [90m{"implicit":1000}[39m
[35m[HTTP][39m [37m<-- POST /wd/hub/session/1d97c3d3-1d11-486e-bcfe-2e247fe45ae4/timeouts [39m[32m200[39m [90m1 ms - 14[39m
[35m[HTTP][39m [90m[39m
[35m[HTTP][39m [37m-->[39m [37mPOST[39m [37m/wd/hub/session/1d97c3d3-1d11-486e-bcfe-2e247fe45ae4/elements[39m
[35m[HTTP][39m [90m{"using":"xpath","value":"//hierarchy/android.widget.FrameLayout[1]/android.widget.LinearLayout[1]/android.widget.FrameLayout[1]/android.widget.LinearLayout[1]/android.widget.FrameLayout[1]/android.widget.RelativeLayout[1]/android.view.ViewGroup[1]/androidx.viewpager.widget.ViewPager[1]/android.widget.LinearLayout[1]/android.widget.FrameLayout[2]"}[39m
[35m[HTTP][39m [37m<-- POST /wd/hub/session/1d97c3d3-1d11-486e-bcfe-2e247fe45ae4/elements [39m[32m200[39m [90m96 ms - 139[39m
[35m[HTTP][39m [90m[39m
[35m[HTTP][39m [37m-->[39m [37mGET[39m [37m/wd/hub/session/1d97c3d3-1d11-486e-bcfe-2e247fe45ae4/element/00000000-0000-0023-ffff-ffff0000004c/location[39m
[35m[HTTP][39m [90m{}[39m
[35m[W3C (1d97c3d3)][39m Driver proxy active, passing request on via HTTP proxy
[35m[WD Proxy][39m Replacing sessionId 185cd3e9-dd93-439f-be8f-34d0fbe7bd83 with 1d97c3d3-1d11-486e-bcfe-2e247fe45ae4
[35m[HTTP][39m [37m<-- GET /wd/hub/session/1d97c3d3-1d11-486e-bcfe-2e247fe45ae4/element/00000000-0000-0023-ffff-ffff0000004c/location [39m[32m200[39m [90m19 ms - 76[39m
[35m[HTTP][39m [90m[39m
[35m[HTTP][39m [37m-->[39m [37mGET[39m [37m/wd/hub/session/1d97c3d3-1d11-486e-bcfe-2e247fe45ae4/element/00000000-0000-0023-ffff-ffff0000004c/size[39m
[35m[HTTP][39m [90m{}[39m
[35m[W3C (1d97c3d3)][39m Driver proxy active, passing request on via HTTP proxy
[35m[WD Proxy][39m Replacing sessionId 185cd3e9-dd93-439f-be8f-34d0fbe7bd83 with 1d97c3d3-1d11-486e-bcfe-2e247fe45ae4
[35m[HTTP][39m [37m<-- GET /wd/hub/session/1d97c3d3-1d11-486e-bcfe-2e247fe45ae4/element/00000000-0000-0023-ffff-ffff0000004c/size [39m[32m200[39m [90m14 ms - 88[39m
[35m[HTTP][39m [90m[39m
[35m[HTTP][39m [37m-->[39m [37mPOST[39m [37m/wd/hub/session/1d97c3d3-1d11-486e-bcfe-2e247fe45ae4/timeouts[39m
[35m[HTTP][39m [90m{"implicit":1000}[39m
[35m[HTTP][39m [37m<-- POST /wd/hub/session/1d97c3d3-1d11-486e-bcfe-2e247fe45ae4/timeouts [39m[32m200[39m [90m1 ms - 14[39m
[35m[HTTP][39m [90m[39m
[35m[HTTP][39m [37m-->[39m [37mPOST[39m [37m/wd/hub/session/1d97c3d3-1d11-486e-bcfe-2e247fe45ae4/elements[39m
[35m[HTTP][39m [90m{"using":"-android uiautomator","value":"new UiSelector().className(\"android.widget.FrameLayout\").resourceId(\"com.solodroid.solomerce:id/btn_rate\").packageName(\"com.solodroid.solomerce\").enabled(true).clickable(false).longClickable(false).checkable(false).checked(false).focusable(false).focused(false).scrollable(false).selected(false).index(4)"}[39m
[35m[HTTP][39m [37m<-- POST /wd/hub/session/1d97c3d3-1d11-486e-bcfe-2e247fe45ae4/elements [39m[32m200[39m [90m45 ms - 139[39m
[35m[HTTP][39m [90m[39m
[35m[HTTP][39m [37m-->[39m [37mGET[39m [37m/wd/hub/session/1d97c3d3-1d11-486e-bcfe-2e247fe45ae4/element/00000000-0000-0023-ffff-ffff0000004c/location[39m
[35m[HTTP][39m [90m{}[39m
[35m[W3C (1d97c3d3)][39m Driver proxy active, passing request on via HTTP proxy
[35m[WD Proxy][39m Replacing sessionId 185cd3e9-dd93-439f-be8f-34d0fbe7bd83 with 1d97c3d3-1d11-486e-bcfe-2e247fe45ae4
[35m[HTTP][39m [37m<-- GET /wd/hub/session/1d97c3d3-1d11-486e-bcfe-2e247fe45ae4/element/00000000-0000-0023-ffff-ffff0000004c/location [39m[32m200[39m [90m19 ms - 76[39m
[35m[HTTP][39m [90m[39m
[35m[HTTP][39m [37m-->[39m [37mGET[39m [37m/wd/hub/session/1d97c3d3-1d11-486e-bcfe-2e247fe45ae4/element/00000000-0000-0023-ffff-ffff0000004c/size[39m
[35m[HTTP][39m [90m{}[39m
[35m[W3C (1d97c3d3)][39m Driver proxy active, passing request on via HTTP proxy
[35m[WD Proxy][39m Replacing sessionId 185cd3e9-dd93-439f-be8f-34d0fbe7bd83 with 1d97c3d3-1d11-486e-bcfe-2e247fe45ae4
[35m[HTTP][39m [37m<-- GET /wd/hub/session/1d97c3d3-1d11-486e-bcfe-2e247fe45ae4/element/00000000-0000-0023-ffff-ffff0000004c/size [39m[32m200[39m [90m20 ms - 88[39m
[35m[HTTP][39m [90m[39m
[35m[HTTP][39m [37m-->[39m [37mPOST[39m [37m/wd/hub/session/1d97c3d3-1d11-486e-bcfe-2e247fe45ae4/elements[39m
[35m[HTTP][39m [90m{"using":"xpath","value":"//*[@class = 'android.widget.FrameLayout' and @resource-id = 'com.solodroid.solomerce:id/btn_share' and (@text = '' or . = '')]"}[39m
[35m[HTTP][39m [37m<-- POST /wd/hub/session/1d97c3d3-1d11-486e-bcfe-2e247fe45ae4/elements [39m[32m200[39m [90m66 ms - 139[39m
[35m[HTTP][39m [90m[39m
[35m[HTTP][39m [37m-->[39m [37mPOST[39m [37m/wd/hub/session/1d97c3d3-1d11-486e-bcfe-2e247fe45ae4/timeouts[39m
[35m[HTTP][39m [90m{"implicit":1000}[39m
[35m[HTTP][39m [37m<-- POST /wd/hub/session/1d97c3d3-1d11-486e-bcfe-2e247fe45ae4/timeouts [39m[32m200[39m [90m2 ms - 14[39m
[35m[HTTP][39m [90m[39m
[35m[HTTP][39m [37m-->[39m [37mPOST[39m [37m/wd/hub/session/1d97c3d3-1d11-486e-bcfe-2e247fe45ae4/elements[39m
[35m[HTTP][39m [90m{"using":"xpath","value":"//*[@class = 'android.widget.FrameLayout' and @resource-id = 'com.solodroid.solomerce:id/btn_share' and (@text = '' or . = '')]"}[39m
[35m[HTTP][39m [37m<-- POST /wd/hub/session/1d97c3d3-1d11-486e-bcfe-2e247fe45ae4/elements [39m[32m200[39m [90m83 ms - 139[39m
[35m[HTTP][39m [90m[39m
[35m[HTTP][39m [37m-->[39m [37mGET[39m [37m/wd/hub/session/1d97c3d3-1d11-486e-bcfe-2e247fe45ae4/element/00000000-0000-0023-ffff-ffff00000051/location[39m
[35m[HTTP][39m [90m{}[39m
[35m[W3C (1d97c3d3)][39m Driver proxy active, passing request on via HTTP proxy
[35m[WD Proxy][39m Replacing sessionId 185cd3e9-dd93-439f-be8f-34d0fbe7bd83 with 1d97c3d3-1d11-486e-bcfe-2e247fe45ae4
[35m[HTTP][39m [37m<-- GET /wd/hub/session/1d97c3d3-1d11-486e-bcfe-2e247fe45ae4/element/00000000-0000-0023-ffff-ffff00000051/location [39m[32m200[39m [90m9 ms - 77[39m
[35m[HTTP][39m [90m[39m
[35m[HTTP][39m [37m-->[39m [37mGET[39m [37m/wd/hub/session/1d97c3d3-1d11-486e-bcfe-2e247fe45ae4/element/00000000-0000-0023-ffff-ffff00000051/size[39m
[35m[HTTP][39m [90m{}[39m
[35m[W3C (1d97c3d3)][39m Driver proxy active, passing request on via HTTP proxy
[35m[WD Proxy][39m Replacing sessionId 185cd3e9-dd93-439f-be8f-34d0fbe7bd83 with 1d97c3d3-1d11-486e-bcfe-2e247fe45ae4
[35m[HTTP][39m [37m<-- GET /wd/hub/session/1d97c3d3-1d11-486e-bcfe-2e247fe45ae4/element/00000000-0000-0023-ffff-ffff00000051/size [39m[32m200[39m [90m10 ms - 88[39m
[35m[HTTP][39m [90m[39m
[35m[HTTP][39m [37m-->[39m [37mPOST[39m [37m/wd/hub/session/1d97c3d3-1d11-486e-bcfe-2e247fe45ae4/timeouts[39m
[35m[HTTP][39m [90m{"implicit":1000}[39m
[35m[HTTP][39m [37m<-- POST /wd/hub/session/1d97c3d3-1d11-486e-bcfe-2e247fe45ae4/timeouts [39m[32m200[39m [90m1 ms - 14[39m
[35m[HTTP][39m [90m[39m
[35m[HTTP][39m [37m-->[39m [37mPOST[39m [37m/wd/hub/session/1d97c3d3-1d11-486e-bcfe-2e247fe45ae4/elements[39m
[35m[HTTP][39m [90m{"using":"-android uiautomator","value":"new UiSelector().className(\"android.widget.FrameLayout\").resourceId(\"com.solodroid.solomerce:id/btn_share\").packageName(\"com.solodroid.solomerce\").enabled(true).clickable(false).longClickable(false).checkable(false).checked(false).focusable(false).focused(false).scrollable(false).selected(false).index(6)"}[39m
[35m[HTTP][39m [37m<-- POST /wd/hub/session/1d97c3d3-1d11-486e-bcfe-2e247fe45ae4/elements [39m[32m200[39m [90m60 ms - 139[39m
[35m[HTTP][39m [90m[39m
[35m[HTTP][39m [37m-->[39m [37mGET[39m [37m/wd/hub/session/1d97c3d3-1d11-486e-bcfe-2e247fe45ae4/element/00000000-0000-0023-ffff-ffff00000051/location[39m
[35m[HTTP][39m [90m{}[39m
[35m[W3C (1d97c3d3)][39m Driver proxy active, passing request on via HTTP proxy
[35m[WD Proxy][39m Replacing sessionId 185cd3e9-dd93-439f-be8f-34d0fbe7bd83 with 1d97c3d3-1d11-486e-bcfe-2e247fe45ae4
[35m[HTTP][39m [37m<-- GET /wd/hub/session/1d97c3d3-1d11-486e-bcfe-2e247fe45ae4/element/00000000-0000-0023-ffff-ffff00000051/location [39m[32m200[39m [90m22 ms - 77[39m
[35m[HTTP][39m [90m[39m
[35m[HTTP][39m [37m-->[39m [37mGET[39m [37m/wd/hub/session/1d97c3d3-1d11-486e-bcfe-2e247fe45ae4/element/00000000-0000-0023-ffff-ffff00000051/size[39m
[35m[HTTP][39m [90m{}[39m
[35m[W3C (1d97c3d3)][39m Driver proxy active, passing request on via HTTP proxy
[35m[WD Proxy][39m Replacing sessionId 185cd3e9-dd93-439f-be8f-34d0fbe7bd83 with 1d97c3d3-1d11-486e-bcfe-2e247fe45ae4
[35m[HTTP][39m [37m<-- GET /wd/hub/session/1d97c3d3-1d11-486e-bcfe-2e247fe45ae4/element/00000000-0000-0023-ffff-ffff00000051/size [39m[32m200[39m [90m22 ms - 88[39m
[35m[HTTP][39m [90m[39m
[35m[HTTP][39m [37m-->[39m [37mPOST[39m [37m/wd/hub/session/1d97c3d3-1d11-486e-bcfe-2e247fe45ae4/elements[39m
[35m[HTTP][39m [90m{"using":"xpath","value":"//*[@class = 'android.view.View' and (@text = '' or . = '')]"}[39m
[35m[HTTP][39m [37m<-- POST /wd/hub/session/1d97c3d3-1d11-486e-bcfe-2e247fe45ae4/elements [39m[32m200[39m [90m68 ms - 651[39m
[35m[HTTP][39m [90m[39m
[35m[HTTP][39m [37m-->[39m [37mPOST[39m [37m/wd/hub/session/1d97c3d3-1d11-486e-bcfe-2e247fe45ae4/elements[39m
[35m[HTTP][39m [90m{"using":"-android uiautomator","value":"new UiSelector().className(\"android.view.View\")"}[39m
[35m[HTTP][39m [37m<-- POST /wd/hub/session/1d97c3d3-1d11-486e-bcfe-2e247fe45ae4/elements [39m[32m200[39m [90m45 ms - 651[39m
[35m[HTTP][39m [90m[39m
[35m[HTTP][39m [37m-->[39m [37mPOST[39m [37m/wd/hub/session/1d97c3d3-1d11-486e-bcfe-2e247fe45ae4/elements[39m
[35m[HTTP][39m [90m{"using":"xpath","value":"//*[@class = 'android.view.View' and (@text = '' or . = '')]"}[39m
[35m[HTTP][39m [37m<-- POST /wd/hub/session/1d97c3d3-1d11-486e-bcfe-2e247fe45ae4/elements [39m[32m200[39m [90m65 ms - 651[39m
[35m[HTTP][39m [90m[39m
[35m[HTTP][39m [37m-->[39m [37mPOST[39m [37m/wd/hub/session/1d97c3d3-1d11-486e-bcfe-2e247fe45ae4/elements[39m
[35m[HTTP][39m [90m{"using":"-android uiautomator","value":"new UiSelector().className(\"android.view.View\")"}[39m
[35m[HTTP][39m [37m<-- POST /wd/hub/session/1d97c3d3-1d11-486e-bcfe-2e247fe45ae4/elements [39m[32m200[39m [90m55 ms - 651[39m
[35m[HTTP][39m [90m[39m
[35m[HTTP][39m [37m-->[39m [37mPOST[39m [37m/wd/hub/session/1d97c3d3-1d11-486e-bcfe-2e247fe45ae4/elements[39m
[35m[HTTP][39m [90m{"using":"xpath","value":"//*[@class = 'android.widget.FrameLayout' and @resource-id = 'com.solodroid.solomerce:id/btn_privacy' and (@text = '' or . = '')]"}[39m
[35m[HTTP][39m [37m<-- POST /wd/hub/session/1d97c3d3-1d11-486e-bcfe-2e247fe45ae4/elements [39m[32m200[39m [90m55 ms - 139[39m
[35m[HTTP][39m [90m[39m
[35m[HTTP][39m [37m-->[39m [37mPOST[39m [37m/wd/hub/session/1d97c3d3-1d11-486e-bcfe-2e247fe45ae4/timeouts[39m
[35m[HTTP][39m [90m{"implicit":1000}[39m
[35m[HTTP][39m [37m<-- POST /wd/hub/session/1d97c3d3-1d11-486e-bcfe-2e247fe45ae4/timeouts [39m[32m200[39m [90m2 ms - 14[39m
[35m[HTTP][39m [90m[39m
[35m[HTTP][39m [37m-->[39m [37mPOST[39m [37m/wd/hub/session/1d97c3d3-1d11-486e-bcfe-2e247fe45ae4/elements[39m
[35m[HTTP][39m [90m{"using":"xpath","value":"//hierarchy/android.widget.FrameLayout[1]/android.widget.LinearLayout[1]/android.widget.FrameLayout[1]/android.widget.LinearLayout[1]/android.widget.FrameLayout[1]/android.widget.RelativeLayout[1]/android.view.ViewGroup[1]/androidx.viewpager.widget.ViewPager[1]/android.widget.LinearLayout[1]/android.widget.FrameLayout[4]"}[39m
[35m[HTTP][39m [37m<-- POST /wd/hub/session/1d97c3d3-1d11-486e-bcfe-2e247fe45ae4/elements [39m[32m200[39m [90m90 ms - 139[39m
[35m[HTTP][39m [90m[39m
[35m[HTTP][39m [37m-->[39m [37mGET[39m [37m/wd/hub/session/1d97c3d3-1d11-486e-bcfe-2e247fe45ae4/element/00000000-0000-0023-ffff-ffff00000056/location[39m
[35m[HTTP][39m [90m{}[39m
[35m[W3C (1d97c3d3)][39m Driver proxy active, passing request on via HTTP proxy
[35m[WD Proxy][39m Replacing sessionId 185cd3e9-dd93-439f-be8f-34d0fbe7bd83 with 1d97c3d3-1d11-486e-bcfe-2e247fe45ae4
[35m[HTTP][39m [37m<-- GET /wd/hub/session/1d97c3d3-1d11-486e-bcfe-2e247fe45ae4/element/00000000-0000-0023-ffff-ffff00000056/location [39m[32m200[39m [90m20 ms - 77[39m
[35m[HTTP][39m [90m[39m
[35m[HTTP][39m [37m-->[39m [37mGET[39m [37m/wd/hub/session/1d97c3d3-1d11-486e-bcfe-2e247fe45ae4/element/00000000-0000-0023-ffff-ffff00000056/size[39m
[35m[HTTP][39m [90m{}[39m
[35m[W3C (1d97c3d3)][39m Driver proxy active, passing request on via HTTP proxy
[35m[WD Proxy][39m Replacing sessionId 185cd3e9-dd93-439f-be8f-34d0fbe7bd83 with 1d97c3d3-1d11-486e-bcfe-2e247fe45ae4
[35m[HTTP][39m [37m<-- GET /wd/hub/session/1d97c3d3-1d11-486e-bcfe-2e247fe45ae4/element/00000000-0000-0023-ffff-ffff00000056/size [39m[32m200[39m [90m22 ms - 88[39m
[35m[HTTP][39m [90m[39m
[35m[HTTP][39m [37m-->[39m [37mPOST[39m [37m/wd/hub/session/1d97c3d3-1d11-486e-bcfe-2e247fe45ae4/timeouts[39m
[35m[HTTP][39m [90m{"implicit":1000}[39m
[35m[HTTP][39m [37m<-- POST /wd/hub/session/1d97c3d3-1d11-486e-bcfe-2e247fe45ae4/timeouts [39m[32m200[39m [90m1 ms - 14[39m
[35m[HTTP][39m [90m[39m
[35m[HTTP][39m [37m-->[39m [37mPOST[39m [37m/wd/hub/session/1d97c3d3-1d11-486e-bcfe-2e247fe45ae4/elements[39m
[35m[HTTP][39m [90m{"using":"id","value":"com.solodroid.solomerce:id/btn_privacy"}[39m
[35m[HTTP][39m [37m<-- POST /wd/hub/session/1d97c3d3-1d11-486e-bcfe-2e247fe45ae4/elements [39m[32m200[39m [90m66 ms - 139[39m
[35m[HTTP][39m [90m[39m
[35m[HTTP][39m [37m-->[39m [37mGET[39m [37m/wd/hub/session/1d97c3d3-1d11-486e-bcfe-2e247fe45ae4/element/00000000-0000-0023-ffff-ffff00000056/location[39m
[35m[HTTP][39m [90m{}[39m
[35m[W3C (1d97c3d3)][39m Driver proxy active, passing request on via HTTP proxy
[35m[WD Proxy][39m Replacing sessionId 185cd3e9-dd93-439f-be8f-34d0fbe7bd83 with 1d97c3d3-1d11-486e-bcfe-2e247fe45ae4
[35m[HTTP][39m [37m<-- GET /wd/hub/session/1d97c3d3-1d11-486e-bcfe-2e247fe45ae4/element/00000000-0000-0023-ffff-ffff00000056/location [39m[32m200[39m [90m22 ms - 77[39m
[35m[HTTP][39m [90m[39m
[35m[HTTP][39m [37m-->[39m [37mGET[39m [37m/wd/hub/session/1d97c3d3-1d11-486e-bcfe-2e247fe45ae4/element/00000000-0000-0023-ffff-ffff00000056/size[39m
[35m[HTTP][39m [90m{}[39m
[35m[W3C (1d97c3d3)][39m Driver proxy active, passing request on via HTTP proxy
[35m[WD Proxy][39m Replacing sessionId 185cd3e9-dd93-439f-be8f-34d0fbe7bd83 with 1d97c3d3-1d11-486e-bcfe-2e247fe45ae4
[35m[HTTP][39m [37m<-- GET /wd/hub/session/1d97c3d3-1d11-486e-bcfe-2e247fe45ae4/element/00000000-0000-0023-ffff-ffff00000056/size [39m[32m200[39m [90m14 ms - 88[39m
[35m[HTTP][39m [90m[39m
[35m[HTTP][39m [37m-->[39m [37mPOST[39m [37m/wd/hub/session/1d97c3d3-1d11-486e-bcfe-2e247fe45ae4/timeouts[39m
[35m[HTTP][39m [90m{"implicit":1000}[39m
[35m[HTTP][39m [37m<-- POST /wd/hub/session/1d97c3d3-1d11-486e-bcfe-2e247fe45ae4/timeouts [39m[32m200[39m [90m2 ms - 14[39m
[35m[HTTP][39m [90m[39m
[35m[HTTP][39m [37m-->[39m [37mPOST[39m [37m/wd/hub/session/1d97c3d3-1d11-486e-bcfe-2e247fe45ae4/elements[39m
[35m[HTTP][39m [90m{"using":"xpath","value":"//hierarchy/android.widget.FrameLayout[1]/android.widget.LinearLayout[1]/android.widget.FrameLayout[1]/android.widget.LinearLayout[1]/android.widget.FrameLayout[1]/android.widget.RelativeLayout[1]/android.view.ViewGroup[1]/androidx.viewpager.widget.ViewPager[1]/android.widget.LinearLayout[1]/android.widget.FrameLayout[4]"}[39m
[35m[HTTP][39m [37m<-- POST /wd/hub/session/1d97c3d3-1d11-486e-bcfe-2e247fe45ae4/elements [39m[32m200[39m [90m78 ms - 139[39m
[35m[HTTP][39m [90m[39m
[35m[HTTP][39m [37m-->[39m [37mGET[39m [37m/wd/hub/session/1d97c3d3-1d11-486e-bcfe-2e247fe45ae4/element/00000000-0000-0023-ffff-ffff00000056/location[39m
[35m[HTTP][39m [90m{}[39m
[35m[W3C (1d97c3d3)][39m Driver proxy active, passing request on via HTTP proxy
[35m[WD Proxy][39m Replacing sessionId 185cd3e9-dd93-439f-be8f-34d0fbe7bd83 with 1d97c3d3-1d11-486e-bcfe-2e247fe45ae4
[35m[HTTP][39m [37m<-- GET /wd/hub/session/1d97c3d3-1d11-486e-bcfe-2e247fe45ae4/element/00000000-0000-0023-ffff-ffff00000056/location [39m[32m200[39m [90m24 ms - 77[39m
[35m[HTTP][39m [90m[39m
[35m[HTTP][39m [37m-->[39m [37mGET[39m [37m/wd/hub/session/1d97c3d3-1d11-486e-bcfe-2e247fe45ae4/element/00000000-0000-0023-ffff-ffff00000056/size[39m
[35m[HTTP][39m [90m{}[39m
[35m[W3C (1d97c3d3)][39m Driver proxy active, passing request on via HTTP proxy
[35m[WD Proxy][39m Replacing sessionId 185cd3e9-dd93-439f-be8f-34d0fbe7bd83 with 1d97c3d3-1d11-486e-bcfe-2e247fe45ae4
[35m[HTTP][39m [37m<-- GET /wd/hub/session/1d97c3d3-1d11-486e-bcfe-2e247fe45ae4/element/00000000-0000-0023-ffff-ffff00000056/size [39m[32m200[39m [90m24 ms - 88[39m
[35m[HTTP][39m [90m[39m
[35m[HTTP][39m [37m-->[39m [37mPOST[39m [37m/wd/hub/session/1d97c3d3-1d11-486e-bcfe-2e247fe45ae4/timeouts[39m
[35m[HTTP][39m [90m{"implicit":1000}[39m
[35m[HTTP][39m [37m<-- POST /wd/hub/session/1d97c3d3-1d11-486e-bcfe-2e247fe45ae4/timeouts [39m[32m200[39m [90m2 ms - 14[39m
[35m[HTTP][39m [90m[39m
[35m[HTTP][39m [37m-->[39m [37mPOST[39m [37m/wd/hub/session/1d97c3d3-1d11-486e-bcfe-2e247fe45ae4/elements[39m
[35m[HTTP][39m [90m{"using":"-android uiautomator","value":"new UiSelector().className(\"android.widget.FrameLayout\").resourceId(\"com.solodroid.solomerce:id/btn_privacy\").packageName(\"com.solodroid.solomerce\").enabled(true).clickable(false).longClickable(false).checkable(false).checked(false).focusable(false).focused(false).scrollable(false).selected(false).index(8)"}[39m
[35m[HTTP][39m [37m<-- POST /wd/hub/session/1d97c3d3-1d11-486e-bcfe-2e247fe45ae4/elements [39m[32m200[39m [90m45 ms - 139[39m
[35m[HTTP][39m [90m[39m
[35m[HTTP][39m [37m-->[39m [37mGET[39m [37m/wd/hub/session/1d97c3d3-1d11-486e-bcfe-2e247fe45ae4/element/00000000-0000-0023-ffff-ffff00000056/location[39m
[35m[HTTP][39m [90m{}[39m
[35m[W3C (1d97c3d3)][39m Driver proxy active, passing request on via HTTP proxy
[35m[WD Proxy][39m Replacing sessionId 185cd3e9-dd93-439f-be8f-34d0fbe7bd83 with 1d97c3d3-1d11-486e-bcfe-2e247fe45ae4
[35m[HTTP][39m [37m<-- GET /wd/hub/session/1d97c3d3-1d11-486e-bcfe-2e247fe45ae4/element/00000000-0000-0023-ffff-ffff00000056/location [39m[32m200[39m [90m16 ms - 77[39m
[35m[HTTP][39m [90m[39m
[35m[HTTP][39m [37m-->[39m [37mGET[39m [37m/wd/hub/session/1d97c3d3-1d11-486e-bcfe-2e247fe45ae4/element/00000000-0000-0023-ffff-ffff00000056/size[39m
[35m[HTTP][39m [90m{}[39m
[35m[W3C (1d97c3d3)][39m Driver proxy active, passing request on via HTTP proxy
[35m[WD Proxy][39m Replacing sessionId 185cd3e9-dd93-439f-be8f-34d0fbe7bd83 with 1d97c3d3-1d11-486e-bcfe-2e247fe45ae4
[35m[HTTP][39m [37m<-- GET /wd/hub/session/1d97c3d3-1d11-486e-bcfe-2e247fe45ae4/element/00000000-0000-0023-ffff-ffff00000056/size [39m[32m200[39m [90m13 ms - 88[39m
[35m[HTTP][39m [90m[39m
[35m[HTTP][39m [37m-->[39m [37mDELETE[39m [37m/wd/hub/session/1d97c3d3-1d11-486e-bcfe-2e247fe45ae4[39m
[35m[HTTP][39m [90m{}[39m
[35m[Appium][39m Removing session 1d97c3d3-1d11-486e-bcfe-2e247fe45ae4 from our master session list
[35m[UiAutomator2][39m Restoring hidden api policy to the device default configuration
[35m[HTTP][39m [37m<-- DELETE /wd/hub/session/1d97c3d3-1d11-486e-bcfe-2e247fe45ae4 [39m[32m200[39m [90m374 ms - 14[39m
[35m[HTTP][39m [90m[39m
